This is pdfTeX, Version 3.14159265-2.6-1.40.19 (MiKTeX 2.9.6745 64-bit) (preloaded format=pdflatex 2018.7.16)  23 AUG 2018 19:46
entering extended mode
**main Main.tex
(main.tex
LaTeX2e <2018-04-01> patch level 5

("C:\Users\Benni Tower\AppData\Roaming\MiKTeX\2.9\tex\latex\koma-script\scrbook
.cls"
Document Class: scrbook 2018/03/30 v3.25 KOMA-Script document class (book)

("C:\Users\Benni Tower\AppData\Roaming\MiKTeX\2.9\tex\latex\koma-script\scrkbas
e.sty"
Package: scrkbase 2018/03/30 v3.25 KOMA-Script package (KOMA-Script-dependent b
asics and keyval usage)

("C:\Users\Benni Tower\AppData\Roaming\MiKTeX\2.9\tex\latex\koma-script\scrbase
.sty"
Package: scrbase 2018/03/30 v3.25 KOMA-Script package (KOMA-Script-independent 
basics and keyval usage)
 ("C:\Program Files\MiKTeX 2.9\tex\latex\graphics\keyval.sty"
Package: keyval 2014/10/28 v1.15 key=value parser (DPC)
\KV@toks@=\toks14
)
("C:\Users\Benni Tower\AppData\Roaming\MiKTeX\2.9\tex\latex\koma-script\scrlfil
e.sty"
Package: scrlfile 2018/03/30 v3.25 KOMA-Script package (loading files)
)))
("C:\Users\Benni Tower\AppData\Roaming\MiKTeX\2.9\tex\latex\koma-script\tocbasi
c.sty"
Package: tocbasic 2018/03/30 v3.25 KOMA-Script package (handling toc-files)
\scr@dte@tocline@numberwidth=\skip41
\scr@dte@tocline@numbox=\box26
)
Package tocbasic Info: omitting babel extension for `toc'
(tocbasic)             because of feature `nobabel' available
(tocbasic)             for `toc' on input line 136.
Package tocbasic Info: defining new hook before heading of `' on input line 166
3.
Package scrbook Info: You've used standard option `12pt'.
(scrbook)             This is correct!
(scrbook)             Internally I'm using `fontsize=12pt'.
(scrbook)             If you'd like to set the option with \KOMAoptions,
(scrbook)             you'd have to use `fontsize=12pt' there
(scrbook)             instead of `12pt', too.
Class scrbook Info: You've used standard option `openright'.
(scrbook)           This is correct!
(scrbook)           Internally I'm using `open=right'.
(scrbook)           If you'd like to set the option with \KOMAoptions,
(scrbook)           you'd have to use `open=right' there
(scrbook)           instead of `openright', too.
Class scrbook Info: File `scrsize12pt.clo' used to setup font sizes on input li
ne 2331.

("C:\Users\Benni Tower\AppData\Roaming\MiKTeX\2.9\tex\latex\koma-script\scrsize
12pt.clo"
File: scrsize12pt.clo 2018/03/30 v3.25 KOMA-Script font size class option (12pt
)
)
("C:\Users\Benni Tower\AppData\Roaming\MiKTeX\2.9\tex\latex\koma-script\typeare
a.sty"
Package: typearea 2018/03/30 v3.25 KOMA-Script package (type area)
\ta@bcor=\skip42
\ta@div=\count80
Package typearea Info: You've used standard option `a4paper'.
(typearea)             This is correct!
(typearea)             Internally I'm using `paper=a4'.
(typearea)             If you'd like to set the option with \KOMAoptions,
(typearea)             you'd have to use `paper=a4' there
(typearea)             instead of `a4paper', too.
\ta@hblk=\skip43
\ta@vblk=\skip44
\ta@temp=\skip45
\footheight=\skip46
Package typearea Info: These are the values describing the layout:
(typearea)             DIV  = 12
(typearea)             BCOR = 0.0pt
(typearea)             \paperwidth      = 597.50793pt
(typearea)              \textwidth      = 448.13095pt
(typearea)              DIV departure   = -6%
(typearea)              \evensidemargin = 27.31467pt
(typearea)              \oddsidemargin  = -22.47766pt
(typearea)             \paperheight     = 845.04694pt
(typearea)              \textheight     = 635.5pt
(typearea)              \topmargin      = -41.72441pt
(typearea)              \headheight     = 18.125pt
(typearea)              \headsep        = 21.75pt
(typearea)              \topskip        = 12.0pt
(typearea)              \footskip       = 50.75pt
(typearea)              \baselineskip   = 14.5pt
(typearea)              on input line 1706.
)
\c@part=\count81
\c@chapter=\count82
\c@section=\count83
\c@subsection=\count84
\c@subsubsection=\count85
\c@paragraph=\count86
\c@subparagraph=\count87
\scr@dte@part@maxnumwidth=\skip47
\scr@dte@chapter@maxnumwidth=\skip48
\scr@dte@section@maxnumwidth=\skip49
\scr@dte@subsection@maxnumwidth=\skip50
\scr@dte@subsubsection@maxnumwidth=\skip51
\scr@dte@paragraph@maxnumwidth=\skip52
\scr@dte@subparagraph@maxnumwidth=\skip53
\abovecaptionskip=\skip54
\belowcaptionskip=\skip55
\c@pti@nb@sid@b@x=\box27
\scr@dte@figure@maxnumwidth=\skip56
Package tocbasic Info: omitting babel extension for `lof'
(tocbasic)             because of feature `nobabel' available
(tocbasic)             for `lof' on input line 6251.
\c@figure=\count88
\scr@dte@table@maxnumwidth=\skip57
Package tocbasic Info: omitting babel extension for `lot'
(tocbasic)             because of feature `nobabel' available
(tocbasic)             for `lot' on input line 6272.
\c@table=\count89
Class scrbook Info: Redefining `\numberline' on input line 6445.
\bibindent=\dimen102
) ("C:\Program Files\MiKTeX 2.9\tex\latex\base\inputenc.sty"
Package: inputenc 2018/04/06 v1.3b Input encoding file
\inpenc@prehook=\toks15
\inpenc@posthook=\toks16
)
("C:\Program Files\MiKTeX 2.9\tex\generic\babel\babel.sty"
Package: babel 2018/06/05 3.22 The Babel package

("C:\Program Files\MiKTeX 2.9\tex\generic\babel\switch.def"
File: switch.def 2018/06/05 3.22 Babel switching mechanism
)
*************************************
* Local config file bblopts.cfg used
*
("C:\Users\Benni Tower\AppData\Roaming\MiKTeX\2.9\tex\latex\arabi\bblopts.cfg"
File: bblopts.cfg 2005/09/08 v0.1 add Arabic and Farsi to "declared" options of
 babel
) ("C:\Program Files\MiKTeX 2.9\tex\latex\babel-german\ngerman.ldf"
Language: ngerman 2018/03/29 v2.10 German support for babel (post-1996 orthogra
phy)

("C:\Program Files\MiKTeX 2.9\tex\latex\babel-german\ngermanb.ldf"
Language: ngermanb 2018/03/29 v2.10 German support for babel (post-1996 orthogr
aphy)

("C:\Program Files\MiKTeX 2.9\tex\generic\babel\babel.def"
File: babel.def 2018/06/05 3.22 Babel common definitions
\babel@savecnt=\count90
\U@D=\dimen103

("C:\Program Files\MiKTeX 2.9\tex\generic\babel\txtbabel.def")
\bbl@dirlevel=\count91
)
Package babel Info: Making " an active character on input line 121.
))
("C:\Program Files\MiKTeX 2.9\tex\latex\babel-english\english.ldf"
Language: english 2017/06/06 v3.3r English support from the babel system
\l@canadian = a dialect from \language\l@american 
\l@australian = a dialect from \language\l@british 
\l@newzealand = a dialect from \language\l@british 
))
("C:\Users\Benni Tower\AppData\Roaming\MiKTeX\2.9\tex\latex\preprint\fullpage.s
ty"
Package: fullpage 1999/02/23 1.1 (PWD)
\FP@margin=\skip58
) ("C:\Program Files\MiKTeX 2.9\tex\latex\psnfss\helvet.sty"
Package: helvet 2005/04/12 PSNFSS-v9.2a (WaS) 
)
("C:\Users\Benni Tower\AppData\Roaming\MiKTeX\2.9\tex\latex\algorithms\algorith
m.sty"
Package: algorithm 2009/08/24 v0.1 Document Style `algorithm' - floating enviro
nment
 ("C:\Program Files\MiKTeX 2.9\tex\latex\float\float.sty"
Package: float 2001/11/08 v1.3d Float enhancements (AL)
\c@float@type=\count92
\float@exts=\toks17
\float@box=\box28
\@float@everytoks=\toks18
\@floatcapt=\box29
)
("C:\Program Files\MiKTeX 2.9\tex\latex\base\ifthen.sty"
Package: ifthen 2014/09/29 v1.1c Standard LaTeX ifthen package (DPC)
)
\@float@every@algorithm=\toks19
\c@algorithm=\count93
)
("C:\Users\Benni Tower\AppData\Roaming\MiKTeX\2.9\tex\latex\algorithmicx\algpse
udocode.sty"
Package: algpseudocode 

("C:\Users\Benni Tower\AppData\Roaming\MiKTeX\2.9\tex\latex\algorithmicx\algori
thmicx.sty"
Package: algorithmicx 2005/04/27 v1.2 Algorithmicx

Document Style algorithmicx 1.2 - a greatly improved `algorithmic' style
\c@ALG@line=\count94
\c@ALG@rem=\count95
\c@ALG@nested=\count96
\ALG@tlm=\skip59
\ALG@thistlm=\skip60
\c@ALG@Lnr=\count97
\c@ALG@blocknr=\count98
\c@ALG@storecount=\count99
\c@ALG@tmpcounter=\count100
\ALG@tmplength=\skip61
)
Document Style - pseudocode environments for use with the `algorithmicx' style
) ("C:\Program Files\MiKTeX 2.9\tex\latex\graphics\graphicx.sty"
Package: graphicx 2017/06/01 v1.1a Enhanced LaTeX Graphics (DPC,SPQR)

("C:\Program Files\MiKTeX 2.9\tex\latex\graphics\graphics.sty"
Package: graphics 2017/06/25 v1.2c Standard LaTeX Graphics (DPC,SPQR)

("C:\Program Files\MiKTeX 2.9\tex\latex\graphics\trig.sty"
Package: trig 2016/01/03 v1.10 sin cos tan (DPC)
)
("C:\Program Files\MiKTeX 2.9\tex\latex\graphics-cfg\graphics.cfg"
File: graphics.cfg 2016/06/04 v1.11 sample graphics configuration
)
Package graphics Info: Driver file: pdftex.def on input line 99.

("C:\Program Files\MiKTeX 2.9\tex\latex\graphics-def\pdftex.def"
File: pdftex.def 2018/01/08 v1.0l Graphics/color driver for pdftex
))
\Gin@req@height=\dimen104
\Gin@req@width=\dimen105
)
("C:\Users\Benni Tower\AppData\Roaming\MiKTeX\2.9\tex\latex\xcolor\xcolor.sty"
Package: xcolor 2016/05/11 v2.12 LaTeX color extensions (UK)

("C:\Program Files\MiKTeX 2.9\tex\latex\graphics-cfg\color.cfg"
File: color.cfg 2016/01/02 v1.6 sample color configuration
)
Package xcolor Info: Driver file: pdftex.def on input line 225.

("C:\Users\Benni Tower\AppData\Roaming\MiKTeX\2.9\tex\latex\colortbl\colortbl.s
ty"
Package: colortbl 2018/05/02 v1.0c Color table columns (DPC)
 ("C:\Program Files\MiKTeX 2.9\tex\latex\tools\array.sty"
Package: array 2018/04/30 v2.4h Tabular extension package (FMi)
\col@sep=\dimen106
\ar@mcellbox=\box30
\extrarowheight=\dimen107
\NC@list=\toks20
\extratabsurround=\skip62
\backup@length=\skip63
\ar@cellbox=\box31
)
\everycr=\toks21
\minrowclearance=\skip64
)
\rownum=\count101
Package xcolor Info: Model `cmy' substituted by `cmy0' on input line 1348.
Package xcolor Info: Model `hsb' substituted by `rgb' on input line 1352.
Package xcolor Info: Model `RGB' extended on input line 1364.
Package xcolor Info: Model `HTML' substituted by `rgb' on input line 1366.
Package xcolor Info: Model `Hsb' substituted by `hsb' on input line 1367.
Package xcolor Info: Model `tHsb' substituted by `hsb' on input line 1368.
Package xcolor Info: Model `HSB' substituted by `hsb' on input line 1369.
Package xcolor Info: Model `Gray' substituted by `gray' on input line 1370.
Package xcolor Info: Model `wave' substituted by `hsb' on input line 1371.
)
("C:\Users\Benni Tower\AppData\Roaming\MiKTeX\2.9\tex\latex\pgfplots\pgfplots.s
ty"
("C:\Users\Benni Tower\AppData\Roaming\MiKTeX\2.9\tex\generic\pgfplots\pgfplots
.revision.tex")
Package: pgfplots 2018/03/28 v1.16 Data Visualization (1.16)

("C:\Users\Benni Tower\AppData\Roaming\MiKTeX\2.9\tex\latex\pgf\frontendlayer\t
ikz.sty"
("C:\Users\Benni Tower\AppData\Roaming\MiKTeX\2.9\tex\latex\pgf\basiclayer\pgf.
sty"
("C:\Users\Benni Tower\AppData\Roaming\MiKTeX\2.9\tex\latex\pgf\utilities\pgfrc
s.sty"
("C:\Users\Benni Tower\AppData\Roaming\MiKTeX\2.9\tex\generic\pgf\utilities\pgf
util-common.tex"
\pgfutil@everybye=\toks22
\pgfutil@tempdima=\dimen108
\pgfutil@tempdimb=\dimen109

("C:\Users\Benni Tower\AppData\Roaming\MiKTeX\2.9\tex\generic\pgf\utilities\pgf
util-common-lists.tex"))
("C:\Users\Benni Tower\AppData\Roaming\MiKTeX\2.9\tex\generic\pgf\utilities\pgf
util-latex.def"
\pgfutil@abb=\box32

("C:\Users\Benni Tower\AppData\Roaming\MiKTeX\2.9\tex\latex\ms\everyshi.sty"
Package: everyshi 2001/05/15 v3.00 EveryShipout Package (MS)
))
("C:\Users\Benni Tower\AppData\Roaming\MiKTeX\2.9\tex\generic\pgf\utilities\pgf
rcs.code.tex"
Package: pgfrcs 2015/08/07 v3.0.1a (rcs-revision 1.31)
))
Package: pgf 2015/08/07 v3.0.1a (rcs-revision 1.15)

("C:\Users\Benni Tower\AppData\Roaming\MiKTeX\2.9\tex\latex\pgf\basiclayer\pgfc
ore.sty"
("C:\Users\Benni Tower\AppData\Roaming\MiKTeX\2.9\tex\latex\pgf\systemlayer\pgf
sys.sty"
("C:\Users\Benni Tower\AppData\Roaming\MiKTeX\2.9\tex\generic\pgf\systemlayer\p
gfsys.code.tex"
Package: pgfsys 2014/07/09 v3.0.1a (rcs-revision 1.48)

("C:\Users\Benni Tower\AppData\Roaming\MiKTeX\2.9\tex\generic\pgf\utilities\pgf
keys.code.tex"
\pgfkeys@pathtoks=\toks23
\pgfkeys@temptoks=\toks24

("C:\Users\Benni Tower\AppData\Roaming\MiKTeX\2.9\tex\generic\pgf\utilities\pgf
keysfiltered.code.tex"
\pgfkeys@tmptoks=\toks25
))
\pgf@x=\dimen110
\pgf@y=\dimen111
\pgf@xa=\dimen112
\pgf@ya=\dimen113
\pgf@xb=\dimen114
\pgf@yb=\dimen115
\pgf@xc=\dimen116
\pgf@yc=\dimen117
\w@pgf@writea=\write3
\r@pgf@reada=\read1
\c@pgf@counta=\count102
\c@pgf@countb=\count103
\c@pgf@countc=\count104
\c@pgf@countd=\count105
\t@pgf@toka=\toks26
\t@pgf@tokb=\toks27
\t@pgf@tokc=\toks28

("C:\Users\Benni Tower\AppData\Roaming\MiKTeX\2.9\tex\generic\pgf\systemlayer\p
gf.cfg"
File: pgf.cfg 2008/05/14  (rcs-revision 1.7)
)
Driver file for pgf: pgfsys-pdftex.def

("C:\Users\Benni Tower\AppData\Roaming\MiKTeX\2.9\tex\generic\pgf\systemlayer\p
gfsys-pdftex.def"
File: pgfsys-pdftex.def 2014/10/11  (rcs-revision 1.35)

("C:\Users\Benni Tower\AppData\Roaming\MiKTeX\2.9\tex\generic\pgf\systemlayer\p
gfsys-common-pdf.def"
File: pgfsys-common-pdf.def 2013/10/10  (rcs-revision 1.13)
)))
("C:\Users\Benni Tower\AppData\Roaming\MiKTeX\2.9\tex\generic\pgf\systemlayer\p
gfsyssoftpath.code.tex"
File: pgfsyssoftpath.code.tex 2013/09/09  (rcs-revision 1.9)
\pgfsyssoftpath@smallbuffer@items=\count106
\pgfsyssoftpath@bigbuffer@items=\count107
)
("C:\Users\Benni Tower\AppData\Roaming\MiKTeX\2.9\tex\generic\pgf\systemlayer\p
gfsysprotocol.code.tex"
File: pgfsysprotocol.code.tex 2006/10/16  (rcs-revision 1.4)
))
("C:\Users\Benni Tower\AppData\Roaming\MiKTeX\2.9\tex\generic\pgf\basiclayer\pg
fcore.code.tex"
Package: pgfcore 2010/04/11 v3.0.1a (rcs-revision 1.7)

("C:\Users\Benni Tower\AppData\Roaming\MiKTeX\2.9\tex\generic\pgf\math\pgfmath.
code.tex"
("C:\Users\Benni Tower\AppData\Roaming\MiKTeX\2.9\tex\generic\pgf\math\pgfmathc
alc.code.tex"
("C:\Users\Benni Tower\AppData\Roaming\MiKTeX\2.9\tex\generic\pgf\math\pgfmathu
til.code.tex")
("C:\Users\Benni Tower\AppData\Roaming\MiKTeX\2.9\tex\generic\pgf\math\pgfmathp
arser.code.tex"
\pgfmath@dimen=\dimen118
\pgfmath@count=\count108
\pgfmath@box=\box33
\pgfmath@toks=\toks29
\pgfmath@stack@operand=\toks30
\pgfmath@stack@operation=\toks31
)
("C:\Users\Benni Tower\AppData\Roaming\MiKTeX\2.9\tex\generic\pgf\math\pgfmathf
unctions.code.tex"
("C:\Users\Benni Tower\AppData\Roaming\MiKTeX\2.9\tex\generic\pgf\math\pgfmathf
unctions.basic.code.tex")
("C:\Users\Benni Tower\AppData\Roaming\MiKTeX\2.9\tex\generic\pgf\math\pgfmathf
unctions.trigonometric.code.tex")
("C:\Users\Benni Tower\AppData\Roaming\MiKTeX\2.9\tex\generic\pgf\math\pgfmathf
unctions.random.code.tex")
("C:\Users\Benni Tower\AppData\Roaming\MiKTeX\2.9\tex\generic\pgf\math\pgfmathf
unctions.comparison.code.tex")
("C:\Users\Benni Tower\AppData\Roaming\MiKTeX\2.9\tex\generic\pgf\math\pgfmathf
unctions.base.code.tex")
("C:\Users\Benni Tower\AppData\Roaming\MiKTeX\2.9\tex\generic\pgf\math\pgfmathf
unctions.round.code.tex")
("C:\Users\Benni Tower\AppData\Roaming\MiKTeX\2.9\tex\generic\pgf\math\pgfmathf
unctions.misc.code.tex")
("C:\Users\Benni Tower\AppData\Roaming\MiKTeX\2.9\tex\generic\pgf\math\pgfmathf
unctions.integerarithmetics.code.tex")))
("C:\Users\Benni Tower\AppData\Roaming\MiKTeX\2.9\tex\generic\pgf\math\pgfmathf
loat.code.tex"
\c@pgfmathroundto@lastzeros=\count109
))
("C:\Users\Benni Tower\AppData\Roaming\MiKTeX\2.9\tex\generic\pgf\basiclayer\pg
fcorepoints.code.tex"
File: pgfcorepoints.code.tex 2013/10/07  (rcs-revision 1.27)
\pgf@picminx=\dimen119
\pgf@picmaxx=\dimen120
\pgf@picminy=\dimen121
\pgf@picmaxy=\dimen122
\pgf@pathminx=\dimen123
\pgf@pathmaxx=\dimen124
\pgf@pathminy=\dimen125
\pgf@pathmaxy=\dimen126
\pgf@xx=\dimen127
\pgf@xy=\dimen128
\pgf@yx=\dimen129
\pgf@yy=\dimen130
\pgf@zx=\dimen131
\pgf@zy=\dimen132
)
("C:\Users\Benni Tower\AppData\Roaming\MiKTeX\2.9\tex\generic\pgf\basiclayer\pg
fcorepathconstruct.code.tex"
File: pgfcorepathconstruct.code.tex 2013/10/07  (rcs-revision 1.29)
\pgf@path@lastx=\dimen133
\pgf@path@lasty=\dimen134
)
("C:\Users\Benni Tower\AppData\Roaming\MiKTeX\2.9\tex\generic\pgf\basiclayer\pg
fcorepathusage.code.tex"
File: pgfcorepathusage.code.tex 2014/11/02  (rcs-revision 1.24)
\pgf@shorten@end@additional=\dimen135
\pgf@shorten@start@additional=\dimen136
)
("C:\Users\Benni Tower\AppData\Roaming\MiKTeX\2.9\tex\generic\pgf\basiclayer\pg
fcorescopes.code.tex"
File: pgfcorescopes.code.tex 2015/05/08  (rcs-revision 1.46)
\pgfpic=\box34
\pgf@hbox=\box35
\pgf@layerbox@main=\box36
\pgf@picture@serial@count=\count110
)
("C:\Users\Benni Tower\AppData\Roaming\MiKTeX\2.9\tex\generic\pgf\basiclayer\pg
fcoregraphicstate.code.tex"
File: pgfcoregraphicstate.code.tex 2014/11/02  (rcs-revision 1.12)
\pgflinewidth=\dimen137
)
("C:\Users\Benni Tower\AppData\Roaming\MiKTeX\2.9\tex\generic\pgf\basiclayer\pg
fcoretransformations.code.tex"
File: pgfcoretransformations.code.tex 2015/08/07  (rcs-revision 1.20)
\pgf@pt@x=\dimen138
\pgf@pt@y=\dimen139
\pgf@pt@temp=\dimen140
)
("C:\Users\Benni Tower\AppData\Roaming\MiKTeX\2.9\tex\generic\pgf\basiclayer\pg
fcorequick.code.tex"
File: pgfcorequick.code.tex 2008/10/09  (rcs-revision 1.3)
)
("C:\Users\Benni Tower\AppData\Roaming\MiKTeX\2.9\tex\generic\pgf\basiclayer\pg
fcoreobjects.code.tex"
File: pgfcoreobjects.code.tex 2006/10/11  (rcs-revision 1.2)
)
("C:\Users\Benni Tower\AppData\Roaming\MiKTeX\2.9\tex\generic\pgf\basiclayer\pg
fcorepathprocessing.code.tex"
File: pgfcorepathprocessing.code.tex 2013/09/09  (rcs-revision 1.9)
)
("C:\Users\Benni Tower\AppData\Roaming\MiKTeX\2.9\tex\generic\pgf\basiclayer\pg
fcorearrows.code.tex"
File: pgfcorearrows.code.tex 2015/05/14  (rcs-revision 1.43)
\pgfarrowsep=\dimen141
)
("C:\Users\Benni Tower\AppData\Roaming\MiKTeX\2.9\tex\generic\pgf\basiclayer\pg
fcoreshade.code.tex"
File: pgfcoreshade.code.tex 2013/07/15  (rcs-revision 1.15)
\pgf@max=\dimen142
\pgf@sys@shading@range@num=\count111
)
("C:\Users\Benni Tower\AppData\Roaming\MiKTeX\2.9\tex\generic\pgf\basiclayer\pg
fcoreimage.code.tex"
File: pgfcoreimage.code.tex 2013/07/15  (rcs-revision 1.18)

("C:\Users\Benni Tower\AppData\Roaming\MiKTeX\2.9\tex\generic\pgf\basiclayer\pg
fcoreexternal.code.tex"
File: pgfcoreexternal.code.tex 2014/07/09  (rcs-revision 1.21)
\pgfexternal@startupbox=\box37
))
("C:\Users\Benni Tower\AppData\Roaming\MiKTeX\2.9\tex\generic\pgf\basiclayer\pg
fcorelayers.code.tex"
File: pgfcorelayers.code.tex 2013/07/18  (rcs-revision 1.7)
)
("C:\Users\Benni Tower\AppData\Roaming\MiKTeX\2.9\tex\generic\pgf\basiclayer\pg
fcoretransparency.code.tex"
File: pgfcoretransparency.code.tex 2013/09/30  (rcs-revision 1.5)
)
("C:\Users\Benni Tower\AppData\Roaming\MiKTeX\2.9\tex\generic\pgf\basiclayer\pg
fcorepatterns.code.tex"
File: pgfcorepatterns.code.tex 2013/11/07  (rcs-revision 1.5)
)))
("C:\Users\Benni Tower\AppData\Roaming\MiKTeX\2.9\tex\generic\pgf\modules\pgfmo
duleshapes.code.tex"
File: pgfmoduleshapes.code.tex 2014/03/21  (rcs-revision 1.35)
\pgfnodeparttextbox=\box38
)
("C:\Users\Benni Tower\AppData\Roaming\MiKTeX\2.9\tex\generic\pgf\modules\pgfmo
duleplot.code.tex"
File: pgfmoduleplot.code.tex 2015/08/03  (rcs-revision 1.13)
)
("C:\Users\Benni Tower\AppData\Roaming\MiKTeX\2.9\tex\latex\pgf\compatibility\p
gfcomp-version-0-65.sty"
Package: pgfcomp-version-0-65 2007/07/03 v3.0.1a (rcs-revision 1.7)
\pgf@nodesepstart=\dimen143
\pgf@nodesepend=\dimen144
)
("C:\Users\Benni Tower\AppData\Roaming\MiKTeX\2.9\tex\latex\pgf\compatibility\p
gfcomp-version-1-18.sty"
Package: pgfcomp-version-1-18 2007/07/23 v3.0.1a (rcs-revision 1.1)
))
("C:\Users\Benni Tower\AppData\Roaming\MiKTeX\2.9\tex\latex\pgf\utilities\pgffo
r.sty"
("C:\Users\Benni Tower\AppData\Roaming\MiKTeX\2.9\tex\latex\pgf\utilities\pgfke
ys.sty"
("C:\Users\Benni Tower\AppData\Roaming\MiKTeX\2.9\tex\generic\pgf\utilities\pgf
keys.code.tex"))
("C:\Users\Benni Tower\AppData\Roaming\MiKTeX\2.9\tex\latex\pgf\math\pgfmath.st
y"
("C:\Users\Benni Tower\AppData\Roaming\MiKTeX\2.9\tex\generic\pgf\math\pgfmath.
code.tex"))
("C:\Users\Benni Tower\AppData\Roaming\MiKTeX\2.9\tex\generic\pgf\utilities\pgf
for.code.tex"
Package: pgffor 2013/12/13 v3.0.1a (rcs-revision 1.25)

("C:\Users\Benni Tower\AppData\Roaming\MiKTeX\2.9\tex\generic\pgf\math\pgfmath.
code.tex")
\pgffor@iter=\dimen145
\pgffor@skip=\dimen146
\pgffor@stack=\toks32
\pgffor@toks=\toks33
))
("C:\Users\Benni Tower\AppData\Roaming\MiKTeX\2.9\tex\generic\pgf\frontendlayer
\tikz\tikz.code.tex"
Package: tikz 2015/08/07 v3.0.1a (rcs-revision 1.151)

("C:\Users\Benni Tower\AppData\Roaming\MiKTeX\2.9\tex\generic\pgf\libraries\pgf
libraryplothandlers.code.tex"
File: pgflibraryplothandlers.code.tex 2013/08/31 v3.0.1a (rcs-revision 1.20)
\pgf@plot@mark@count=\count112
\pgfplotmarksize=\dimen147
)
\tikz@lastx=\dimen148
\tikz@lasty=\dimen149
\tikz@lastxsaved=\dimen150
\tikz@lastysaved=\dimen151
\tikzleveldistance=\dimen152
\tikzsiblingdistance=\dimen153
\tikz@figbox=\box39
\tikz@figbox@bg=\box40
\tikz@tempbox=\box41
\tikz@tempbox@bg=\box42
\tikztreelevel=\count113
\tikznumberofchildren=\count114
\tikznumberofcurrentchild=\count115
\tikz@fig@count=\count116

("C:\Users\Benni Tower\AppData\Roaming\MiKTeX\2.9\tex\generic\pgf\modules\pgfmo
dulematrix.code.tex"
File: pgfmodulematrix.code.tex 2013/09/17  (rcs-revision 1.8)
\pgfmatrixcurrentrow=\count117
\pgfmatrixcurrentcolumn=\count118
\pgf@matrix@numberofcolumns=\count119
)
\tikz@expandcount=\count120

("C:\Users\Benni Tower\AppData\Roaming\MiKTeX\2.9\tex\generic\pgf\frontendlayer
\tikz\libraries\tikzlibrarytopaths.code.tex"
File: tikzlibrarytopaths.code.tex 2008/06/17 v3.0.1a (rcs-revision 1.2)
)))
("C:\Users\Benni Tower\AppData\Roaming\MiKTeX\2.9\tex\generic\pgfplots\pgfplots
.code.tex"
("C:\Users\Benni Tower\AppData\Roaming\MiKTeX\2.9\tex\generic\pgfplots\pgfplots
core.code.tex"
\t@pgfplots@toka=\toks34
\t@pgfplots@tokb=\toks35
\t@pgfplots@tokc=\toks36
\pgfplots@tmpa=\dimen154
\c@pgfplots@coordindex=\count121
\c@pgfplots@scanlineindex=\count122

("C:\Users\Benni Tower\AppData\Roaming\MiKTeX\2.9\tex\generic\pgfplots\sys\pgfp
lotssysgeneric.code.tex"))
("C:\Users\Benni Tower\AppData\Roaming\MiKTeX\2.9\tex\generic\pgfplots\libs\pgf
plotslibrary.code.tex")
("C:\Users\Benni Tower\AppData\Roaming\MiKTeX\2.9\tex\generic\pgfplots\oldpgfco
mpatib\pgfplotsoldpgfsupp_loader.code.tex"
("C:\Users\Benni Tower\AppData\Roaming\MiKTeX\2.9\tex\generic\pgf\libraries\pgf
libraryfpu.code.tex")
Package pgfplots: loading complementary arithmetics for your pgf version...

("C:\Users\Benni Tower\AppData\Roaming\MiKTeX\2.9\tex\generic\pgfplots\oldpgfco
mpatib\pgfplotsoldpgfsupp_pgflibraryfpu.code.tex")
("C:\Users\Benni Tower\AppData\Roaming\MiKTeX\2.9\tex\generic\pgfplots\oldpgfco
mpatib\pgfplotsoldpgfsupp_pgfmathfloat.code.tex"
\c@pgfmathroundto@lastzeros=\count123
)
("C:\Users\Benni Tower\AppData\Roaming\MiKTeX\2.9\tex\generic\pgfplots\oldpgfco
mpatib\pgfplotsoldpgfsupp_leq.code.tex"))
("C:\Users\Benni Tower\AppData\Roaming\MiKTeX\2.9\tex\generic\pgfplots\util\pgf
plotsutil.code.tex"
("C:\Users\Benni Tower\AppData\Roaming\MiKTeX\2.9\tex\generic\pgfplots\liststru
cture\pgfplotsliststructure.code.tex")
("C:\Users\Benni Tower\AppData\Roaming\MiKTeX\2.9\tex\generic\pgfplots\liststru
cture\pgfplotsliststructureext.code.tex")
("C:\Users\Benni Tower\AppData\Roaming\MiKTeX\2.9\tex\generic\pgfplots\liststru
cture\pgfplotsarray.code.tex"
\c@pgfplotsarray@tmp=\count124
)
("C:\Users\Benni Tower\AppData\Roaming\MiKTeX\2.9\tex\generic\pgfplots\liststru
cture\pgfplotsmatrix.code.tex")
("C:\Users\Benni Tower\AppData\Roaming\MiKTeX\2.9\tex\generic\pgfplots\numtable
\pgfplotstableshared.code.tex"
\c@pgfplotstable@counta=\count125
\t@pgfplotstable@a=\toks37
)
("C:\Users\Benni Tower\AppData\Roaming\MiKTeX\2.9\tex\generic\pgfplots\liststru
cture\pgfplotsdeque.code.tex")
("C:\Users\Benni Tower\AppData\Roaming\MiKTeX\2.9\tex\generic\pgfplots\util\pgf
plotsbinary.code.tex"
("C:\Users\Benni Tower\AppData\Roaming\MiKTeX\2.9\tex\generic\pgfplots\util\pgf
plotsbinary.data.code.tex"))
("C:\Users\Benni Tower\AppData\Roaming\MiKTeX\2.9\tex\generic\pgfplots\util\pgf
plotsutil.verb.code.tex")
("C:\Users\Benni Tower\AppData\Roaming\MiKTeX\2.9\tex\generic\pgfplots\libs\pgf
librarypgfplots.surfshading.code.tex"
\c@pgfplotslibrarysurf@no=\count126

("C:\Users\Benni Tower\AppData\Roaming\MiKTeX\2.9\tex\generic\pgfplots\sys\pgfl
ibrarypgfplots.surfshading.pgfsys-pdftex.def")))
("C:\Users\Benni Tower\AppData\Roaming\MiKTeX\2.9\tex\generic\pgfplots\util\pgf
plotscolormap.code.tex"
("C:\Users\Benni Tower\AppData\Roaming\MiKTeX\2.9\tex\generic\pgfplots\util\pgf
plotscolor.code.tex"))
("C:\Users\Benni Tower\AppData\Roaming\MiKTeX\2.9\tex\generic\pgfplots\pgfplots
stackedplots.code.tex")
("C:\Users\Benni Tower\AppData\Roaming\MiKTeX\2.9\tex\generic\pgfplots\pgfplots
plothandlers.code.tex"
("C:\Users\Benni Tower\AppData\Roaming\MiKTeX\2.9\tex\generic\pgfplots\pgfplots
meshplothandler.code.tex"
("C:\Users\Benni Tower\AppData\Roaming\MiKTeX\2.9\tex\generic\pgfplots\pgfplots
meshplotimage.code.tex")))
("C:\Users\Benni Tower\AppData\Roaming\MiKTeX\2.9\tex\generic\pgfplots\pgfplots
.scaling.code.tex")
("C:\Users\Benni Tower\AppData\Roaming\MiKTeX\2.9\tex\generic\pgfplots\pgfplots
coordprocessing.code.tex")
("C:\Users\Benni Tower\AppData\Roaming\MiKTeX\2.9\tex\generic\pgfplots\pgfplots
.errorbars.code.tex")
("C:\Users\Benni Tower\AppData\Roaming\MiKTeX\2.9\tex\generic\pgfplots\pgfplots
.markers.code.tex")
("C:\Users\Benni Tower\AppData\Roaming\MiKTeX\2.9\tex\generic\pgfplots\pgfplots
ticks.code.tex")
("C:\Users\Benni Tower\AppData\Roaming\MiKTeX\2.9\tex\generic\pgfplots\pgfplots
.paths.code.tex")
("C:\Users\Benni Tower\AppData\Roaming\MiKTeX\2.9\tex\generic\pgf\frontendlayer
\tikz\libraries\tikzlibrarydecorations.code.tex"
("C:\Users\Benni Tower\AppData\Roaming\MiKTeX\2.9\tex\generic\pgf\modules\pgfmo
duledecorations.code.tex"
\pgfdecoratedcompleteddistance=\dimen155
\pgfdecoratedremainingdistance=\dimen156
\pgfdecoratedinputsegmentcompleteddistance=\dimen157
\pgfdecoratedinputsegmentremainingdistance=\dimen158
\pgf@decorate@distancetomove=\dimen159
\pgf@decorate@repeatstate=\count127
\pgfdecorationsegmentamplitude=\dimen160
\pgfdecorationsegmentlength=\dimen161
)
\tikz@lib@dec@box=\box43
)
("C:\Users\Benni Tower\AppData\Roaming\MiKTeX\2.9\tex\generic\pgf\frontendlayer
\tikz\libraries\tikzlibrarydecorations.pathmorphing.code.tex"
("C:\Users\Benni Tower\AppData\Roaming\MiKTeX\2.9\tex\generic\pgf\libraries\dec
orations\pgflibrarydecorations.pathmorphing.code.tex"))
("C:\Users\Benni Tower\AppData\Roaming\MiKTeX\2.9\tex\generic\pgf\frontendlayer
\tikz\libraries\tikzlibrarydecorations.pathreplacing.code.tex"
("C:\Users\Benni Tower\AppData\Roaming\MiKTeX\2.9\tex\generic\pgf\libraries\dec
orations\pgflibrarydecorations.pathreplacing.code.tex"))
\pgfplots@numplots=\count128
\pgfplots@xmin@reg=\dimen162
\pgfplots@xmax@reg=\dimen163
\pgfplots@ymin@reg=\dimen164
\pgfplots@ymax@reg=\dimen165
\pgfplots@zmin@reg=\dimen166
\pgfplots@zmax@reg=\dimen167
)
("C:\Users\Benni Tower\AppData\Roaming\MiKTeX\2.9\tex\generic\pgf\frontendlayer
\tikz\libraries\tikzlibraryplotmarks.code.tex"
File: tikzlibraryplotmarks.code.tex 2008/01/09 v3.0.1a (rcs-revision 1.1)

("C:\Users\Benni Tower\AppData\Roaming\MiKTeX\2.9\tex\generic\pgf\libraries\pgf
libraryplotmarks.code.tex"
File: pgflibraryplotmarks.code.tex 2015/08/03 v3.0.1a (rcs-revision 1.14)
)))
("C:\Users\Benni Tower\AppData\Roaming\MiKTeX\2.9\tex\generic\pgf\frontendlayer
\tikz\libraries\tikzlibraryshapes.code.tex"
File: tikzlibraryshapes.code.tex 2008/01/09 v3.0.1a (rcs-revision 1.1)

("C:\Users\Benni Tower\AppData\Roaming\MiKTeX\2.9\tex\generic\pgf\frontendlayer
\tikz\libraries\tikzlibraryshapes.geometric.code.tex"
File: tikzlibraryshapes.geometric.code.tex 2008/01/09 v3.0.1a (rcs-revision 1.1
)

("C:\Users\Benni Tower\AppData\Roaming\MiKTeX\2.9\tex\generic\pgf\libraries\sha
pes\pgflibraryshapes.geometric.code.tex"
File: pgflibraryshapes.geometric.code.tex 2008/06/26 v3.0.1a (rcs-revision 1.1)

))
("C:\Users\Benni Tower\AppData\Roaming\MiKTeX\2.9\tex\generic\pgf\frontendlayer
\tikz\libraries\tikzlibraryshapes.misc.code.tex"
File: tikzlibraryshapes.misc.code.tex 2008/01/09 v3.0.1a (rcs-revision 1.1)

("C:\Users\Benni Tower\AppData\Roaming\MiKTeX\2.9\tex\generic\pgf\libraries\sha
pes\pgflibraryshapes.misc.code.tex"
File: pgflibraryshapes.misc.code.tex 2013/07/18 v3.0.1a (rcs-revision 1.5)
))
("C:\Users\Benni Tower\AppData\Roaming\MiKTeX\2.9\tex\generic\pgf\frontendlayer
\tikz\libraries\tikzlibraryshapes.symbols.code.tex"
File: tikzlibraryshapes.symbols.code.tex 2008/01/09 v3.0.1a (rcs-revision 1.1)

("C:\Users\Benni Tower\AppData\Roaming\MiKTeX\2.9\tex\generic\pgf\libraries\sha
pes\pgflibraryshapes.symbols.code.tex"
File: pgflibraryshapes.symbols.code.tex 2013/09/11 v3.0.1a (rcs-revision 1.6)
))
("C:\Users\Benni Tower\AppData\Roaming\MiKTeX\2.9\tex\generic\pgf\frontendlayer
\tikz\libraries\tikzlibraryshapes.arrows.code.tex"
File: tikzlibraryshapes.arrows.code.tex 2008/01/09 v3.0.1a (rcs-revision 1.1)

("C:\Users\Benni Tower\AppData\Roaming\MiKTeX\2.9\tex\generic\pgf\libraries\sha
pes\pgflibraryshapes.arrows.code.tex"
File: pgflibraryshapes.arrows.code.tex 2008/06/26 v3.0.1a (rcs-revision 1.1)
))
("C:\Users\Benni Tower\AppData\Roaming\MiKTeX\2.9\tex\generic\pgf\frontendlayer
\tikz\libraries\tikzlibraryshapes.callouts.code.tex"
("C:\Users\Benni Tower\AppData\Roaming\MiKTeX\2.9\tex\generic\pgf\libraries\sha
pes\pgflibraryshapes.callouts.code.tex"))
("C:\Users\Benni Tower\AppData\Roaming\MiKTeX\2.9\tex\generic\pgf\frontendlayer
\tikz\libraries\tikzlibraryshapes.multipart.code.tex"
File: tikzlibraryshapes.multipart.code.tex 2008/01/09 v3.0.1a (rcs-revision 1.1
)

("C:\Users\Benni Tower\AppData\Roaming\MiKTeX\2.9\tex\generic\pgf\libraries\sha
pes\pgflibraryshapes.multipart.code.tex"
File: pgflibraryshapes.multipart.code.tex 2010/01/07 v3.0.1a (rcs-revision 1.2)

\pgfnodepartlowerbox=\box44
\pgfnodeparttwobox=\box45
\pgfnodepartthreebox=\box46
\pgfnodepartfourbox=\box47
\pgfnodeparttwentybox=\box48
\pgfnodepartnineteenbox=\box49
\pgfnodeparteighteenbox=\box50
\pgfnodepartseventeenbox=\box51
\pgfnodepartsixteenbox=\box52
\pgfnodepartfifteenbox=\box53
\pgfnodepartfourteenbox=\box54
\pgfnodepartthirteenbox=\box55
\pgfnodeparttwelvebox=\box56
\pgfnodepartelevenbox=\box57
\pgfnodeparttenbox=\box58
\pgfnodepartninebox=\box59
\pgfnodeparteightbox=\box60
\pgfnodepartsevenbox=\box61
\pgfnodepartsixbox=\box62
\pgfnodepartfivebox=\box63
)))
("C:\Users\Benni Tower\AppData\Roaming\MiKTeX\2.9\tex\generic\pgf\libraries\pgf
libraryarrows.meta.code.tex"
File: pgflibraryarrows.meta.code.tex 2015/05/13 v3.0.1a (rcs-revision 1.13)
\pgfarrowinset=\dimen168
\pgfarrowlength=\dimen169
\pgfarrowwidth=\dimen170
\pgfarrowlinewidth=\dimen171
)
("C:\Users\Benni Tower\AppData\Roaming\MiKTeX\2.9\tex\generic\pgf\frontendlayer
\tikz\libraries\tikzlibrarydecorations.markings.code.tex"
("C:\Users\Benni Tower\AppData\Roaming\MiKTeX\2.9\tex\generic\pgf\libraries\dec
orations\pgflibrarydecorations.markings.code.tex"))
("C:\Users\Benni Tower\AppData\Roaming\MiKTeX\2.9\tex\generic\pgf\frontendlayer
\tikz\libraries\tikzlibrarypatterns.code.tex"
File: tikzlibrarypatterns.code.tex 2008/01/15 v3.0.1a (rcs-revision 1.2)

("C:\Users\Benni Tower\AppData\Roaming\MiKTeX\2.9\tex\generic\pgf\libraries\pgf
librarypatterns.code.tex"
File: pgflibrarypatterns.code.tex 2008/03/03 v3.0.1a (rcs-revision 1.13)
))
("C:\Users\Benni Tower\AppData\Roaming\MiKTeX\2.9\tex\generic\pgf\frontendlayer
\tikz\libraries\tikzlibrarycalc.code.tex"
File: tikzlibrarycalc.code.tex 2013/07/15 v3.0.1a (rcs-revision 1.9)
)
("C:\Users\Benni Tower\AppData\Roaming\MiKTeX\2.9\tex\latex\tikzscale\tikzscale
.sty"
Package: tikzscale 2013/05/22 v0.2.6 tikzscale LaTeX package

("C:\Users\Benni Tower\AppData\Roaming\MiKTeX\2.9\tex\latex\etoolbox\etoolbox.s
ty"
Package: etoolbox 2018/02/11 v2.5e e-TeX tools for LaTeX (JAW)
\etb@tempcnta=\count129
)
("C:\Users\Benni Tower\AppData\Roaming\MiKTeX\2.9\tex\latex\l3packages\xparse\x
parse.sty"
("C:\Users\Benni Tower\AppData\Roaming\MiKTeX\2.9\tex\latex\l3kernel\expl3.sty"
Package: expl3 2018-06-14 L3 programming layer (loader) 

("C:\Users\Benni Tower\AppData\Roaming\MiKTeX\2.9\tex\latex\l3kernel\expl3-code
.tex"
Package: expl3 2018-06-14 L3 programming layer (code)
\c_max_int=\count130
\l_tmpa_int=\count131
\l_tmpb_int=\count132
\g_tmpa_int=\count133
\g_tmpb_int=\count134
\g__kernel_prg_map_int=\count135
\c_log_iow=\count136
\l_iow_line_count_int=\count137
\l__iow_line_target_int=\count138
\l__iow_one_indent_int=\count139
\l__iow_indent_int=\count140
\c_zero_dim=\dimen172
\c_max_dim=\dimen173
\l_tmpa_dim=\dimen174
\l_tmpb_dim=\dimen175
\g_tmpa_dim=\dimen176
\g_tmpb_dim=\dimen177
\c_zero_skip=\skip65
\c_max_skip=\skip66
\l_tmpa_skip=\skip67
\l_tmpb_skip=\skip68
\g_tmpa_skip=\skip69
\g_tmpb_skip=\skip70
\c_zero_muskip=\muskip10
\c_max_muskip=\muskip11
\l_tmpa_muskip=\muskip12
\l_tmpb_muskip=\muskip13
\g_tmpa_muskip=\muskip14
\g_tmpb_muskip=\muskip15
\l_keys_choice_int=\count141
\l__intarray_loop_int=\count142
\c__intarray_sp_dim=\dimen178
\g__intarray_font_int=\count143
\c__fp_leading_shift_int=\count144
\c__fp_middle_shift_int=\count145
\c__fp_trailing_shift_int=\count146
\c__fp_big_leading_shift_int=\count147
\c__fp_big_middle_shift_int=\count148
\c__fp_big_trailing_shift_int=\count149
\c__fp_Bigg_leading_shift_int=\count150
\c__fp_Bigg_middle_shift_int=\count151
\c__fp_Bigg_trailing_shift_int=\count152
\c__kernel_randint_max_int=\count153
\g__fp_array_int=\count154
\l__fp_array_loop_int=\count155
\l__sort_length_int=\count156
\l__sort_min_int=\count157
\l__sort_top_int=\count158
\l__sort_max_int=\count159
\l__sort_true_max_int=\count160
\l__sort_block_int=\count161
\l__sort_begin_int=\count162
\l__sort_end_int=\count163
\l__sort_A_int=\count164
\l__sort_B_int=\count165
\l__sort_C_int=\count166
\l__tl_analysis_normal_int=\count167
\l__tl_analysis_index_int=\count168
\l__tl_analysis_nesting_int=\count169
\l__tl_analysis_type_int=\count170
\l__regex_internal_a_int=\count171
\l__regex_internal_b_int=\count172
\l__regex_internal_c_int=\count173
\l__regex_balance_int=\count174
\l__regex_group_level_int=\count175
\l__regex_mode_int=\count176
\c__regex_cs_in_class_mode_int=\count177
\c__regex_cs_mode_int=\count178
\l__regex_catcodes_int=\count179
\l__regex_default_catcodes_int=\count180
\c__regex_catcode_D_int=\count181
\c__regex_catcode_S_int=\count182
\c__regex_catcode_L_int=\count183
\c__regex_catcode_O_int=\count184
\c__regex_catcode_A_int=\count185
\c__regex_all_catcodes_int=\count186
\l__regex_show_lines_int=\count187
\l__regex_min_state_int=\count188
\l__regex_max_state_int=\count189
\l__regex_left_state_int=\count190
\l__regex_right_state_int=\count191
\l__regex_capturing_group_int=\count192
\l__regex_min_pos_int=\count193
\l__regex_max_pos_int=\count194
\l__regex_curr_pos_int=\count195
\l__regex_start_pos_int=\count196
\l__regex_success_pos_int=\count197
\l__regex_curr_char_int=\count198
\l__regex_curr_catcode_int=\count199
\l__regex_last_char_int=\count266
\l__regex_case_changed_char_int=\count267
\l__regex_curr_state_int=\count268
\l__regex_step_int=\count269
\l__regex_min_active_int=\count270
\l__regex_max_active_int=\count271
\l__regex_replacement_csnames_int=\count272
\l__regex_match_count_int=\count273
\l__regex_min_submatch_int=\count274
\l__regex_submatch_int=\count275
\l__regex_zeroth_submatch_int=\count276
\g__regex_trace_regex_int=\count277
\c_empty_box=\box64
\l_tmpa_box=\box65
\l_tmpb_box=\box66
\g_tmpa_box=\box67
\g_tmpb_box=\box68
\l__box_top_dim=\dimen179
\l__box_bottom_dim=\dimen180
\l__box_left_dim=\dimen181
\l__box_right_dim=\dimen182
\l__box_top_new_dim=\dimen183
\l__box_bottom_new_dim=\dimen184
\l__box_left_new_dim=\dimen185
\l__box_right_new_dim=\dimen186
\l__box_internal_box=\box69
\l__coffin_internal_box=\box70
\l__coffin_internal_dim=\dimen187
\l__coffin_offset_x_dim=\dimen188
\l__coffin_offset_y_dim=\dimen189
\l__coffin_x_dim=\dimen190
\l__coffin_y_dim=\dimen191
\l__coffin_x_prime_dim=\dimen192
\l__coffin_y_prime_dim=\dimen193
\c_empty_coffin=\box71
\l__coffin_aligned_coffin=\box72
\l__coffin_aligned_internal_coffin=\box73
\l_tmpa_coffin=\box74
\l_tmpb_coffin=\box75
\l__coffin_display_coffin=\box76
\l__coffin_display_coord_coffin=\box77
\l__coffin_display_pole_coffin=\box78
\l__coffin_display_offset_dim=\dimen194
\l__coffin_display_x_dim=\dimen195
\l__coffin_display_y_dim=\dimen196
\g__file_internal_ior=\read2
\l__coffin_bounding_shift_dim=\dimen197
\l__coffin_left_corner_dim=\dimen198
\l__coffin_right_corner_dim=\dimen199
\l__coffin_bottom_corner_dim=\dimen256
\l__coffin_top_corner_dim=\dimen257
\l__coffin_scaled_total_height_dim=\dimen258
\l__coffin_scaled_width_dim=\dimen259
\l__seq_internal_a_int=\count278
\l__seq_internal_b_int=\count279
)
("C:\Users\Benni Tower\AppData\Roaming\MiKTeX\2.9\tex\latex\l3kernel\l3pdfmode.
def"
File: l3pdfmode.def 2018-06-14 v L3 Experimental driver: PDF mode
\l__driver_color_stack_int=\count280
))
Package: xparse 2018-05-12 L3 Experimental document command parser
\l__xparse_current_arg_int=\count281
\g__xparse_grabber_int=\count282
\l__xparse_m_args_int=\count283
\l__xparse_mandatory_args_int=\count284
\l__xparse_v_nesting_int=\count285
) ("C:\Program Files\MiKTeX 2.9\tex\latex\oberdiek\letltxmacro.sty"
Package: letltxmacro 2016/05/16 v1.5 Let assignment for LaTeX macros (HO)
)
("C:\Users\Benni Tower\AppData\Roaming\MiKTeX\2.9\tex\latex\xstring\xstring.sty
"
("C:\Users\Benni Tower\AppData\Roaming\MiKTeX\2.9\tex\generic\xstring\xstring.t
ex"
\@xs@message=\write4
\integerpart=\count286
\decimalpart=\count287
)
Package: xstring 2013/10/13  v1.7c  String manipulations (C Tellechea)
)
.................................................
. LaTeX info: "xparse/define-command"
. 
. Defining command \tikzscale@forGroupListElement with sig.
. 'mgu{\tikzscale@endList }' on line 65.
.................................................
.................................................
. LaTeX info: "xparse/define-command"
. 
. Defining command \elseif with sig. 'mm' on line 88.
.................................................
.................................................
. LaTeX info: "xparse/define-command"
. 
. Defining command \elseif@optional with sig. 'gg' on line 102.
.................................................
.................................................
. LaTeX info: "xparse/define-command"
. 
. Defining command \elseif@absorb with sig. 'g' on line 107.
.................................................
.................................................
. LaTeX info: "xparse/define-command"
. 
. Defining command \IfNoValueOrSplitEmptyTF with sig. 'mmm' on line 115.
.................................................
.................................................
. LaTeX info: "xparse/define-command"
. 
. Defining command \tikzscale@includegraphics with sig. 'O{}m' on line 186.
.................................................
.................................................
. LaTeX info: "xparse/define-command"
. 
. Defining command \tikzscale@findExactFileName with sig. 'mm' on line 232.
.................................................
.................................................
. LaTeX info: "xparse/define-command"
. 
. Defining command \tikzscale@setGraphicsPath with sig. '' on line 250.
.................................................
.................................................
. LaTeX info: "xparse/define-command"
. 
. Defining command \tikzscale@isTikzFile with sig. 'mm' on line 260.
.................................................
.................................................
. LaTeX info: "xparse/define-command"
. 
. Defining command \tikzscale@includetikzWithExternalization with sig. 'm' on
. line 314.
.................................................
.................................................
. LaTeX info: "xparse/define-command"
. 
. Defining command \tikzscale@checkRequestedSizeChanges with sig. '' on line
. 350.
.................................................
.................................................
. LaTeX info: "xparse/define-command"
. 
. Defining command \tikzscale@preparePlot with sig. '' on line 353.
.................................................
.................................................
. LaTeX info: "xparse/define-command"
. 
. Defining command \tikzscale@prepareTikzpicture with sig. '' on line 356.
.................................................
.................................................
. LaTeX info: "xparse/define-command"
. 
. Defining command \tikzscale@includeNormalTikzpicture with sig. 'm' on line
. 368.
.................................................
.................................................
. LaTeX info: "xparse/define-command"
. 
. Defining command \tikzscale@invalidKeyError with sig. 'm' on line 371.
.................................................
.................................................
. LaTeX info: "xparse/define-command"
. 
. Defining command \tikzscale@includeAxisRatio with sig. 'm' on line 387.
.................................................
.................................................
. LaTeX info: "xparse/define-command"
. 
. Defining command \tikzscale@scaleTikzpictureTo with sig. 'mmm' on line 419.
.................................................
.................................................
. LaTeX info: "xparse/define-command"
. 
. Defining command \tikzscale@resizePlotTo with sig. 'm' on line 475.
.................................................
.................................................
. LaTeX info: "xparse/define-command"
. 
. Defining command \tikzscale@resizePlotWithAxesRatioTo with sig. 'mmmm' on
. line 517.
.................................................
\tikzscale@measuredSize=\box79
.................................................
. LaTeX info: "xparse/define-command"
. 
. Defining command \tikzscale@conditionalDisableExternalization with sig. ''
. on line 552.
.................................................
.................................................
. LaTeX info: "xparse/define-command"
. 
. Defining command \tikzscale@conditionalEnableExternalization with sig. 'm'
. on line 564.
.................................................
)
("C:\Users\Benni Tower\AppData\Roaming\MiKTeX\2.9\tex\latex\pgfplots\pgfplotsta
ble.sty"
("C:\Users\Benni Tower\AppData\Roaming\MiKTeX\2.9\tex\generic\pgfplots\pgfplots
.revision.tex")
Package: pgfplotstable 2018/03/28 v1.16 Table typesetting and Pretty-printing (
1.16)

("C:\Users\Benni Tower\AppData\Roaming\MiKTeX\2.9\tex\generic\pgfplots\numtable
\pgfplotstable.code.tex"
("C:\Users\Benni Tower\AppData\Roaming\MiKTeX\2.9\tex\generic\pgfplots\numtable
\pgfplotstable.coltype.code.tex")))
("C:\Users\Benni Tower\AppData\Roaming\MiKTeX\2.9\tex\latex\placeins\placeins.s
ty"
Package: placeins 2005/04/18  v 2.2
)
("C:\Users\Benni Tower\AppData\Roaming\MiKTeX\2.9\tex\latex\slashbox\slashbox.s
ty"
slashbox style by K.Yasuoka, May 1993.
\@slashboxa=\box80
\@slashboxb=\box81
\@slashboxc=\box82
\@slashboxwd=\count288
\@slashboxht=\count289
\@slashsepl=\dimen260
\@slashsepr=\dimen261
)
("C:\Users\Benni Tower\AppData\Roaming\MiKTeX\2.9\tex\generic\pgfplots\libs\tik
zlibrarypgfplots.groupplots.code.tex"
\pgfplots@group@current@plot=\count290
\pgfplots@group@current@row=\count291
\pgfplots@group@current@column=\count292
)
("C:\Users\Benni Tower\AppData\Roaming\MiKTeX\2.9\tex\latex\pgf\frontendlayer\l
ibraries\tikzlibraryexternal.code.tex"
("C:\Program Files\MiKTeX 2.9\tex\generic\oberdiek\pdftexcmds.sty"
Package: pdftexcmds 2018/01/30 v0.27 Utility functions of pdfTeX for LuaTeX (HO
)

("C:\Program Files\MiKTeX 2.9\tex\generic\oberdiek\infwarerr.sty"
Package: infwarerr 2016/05/16 v1.4 Providing info/warning/error messages (HO)
)
("C:\Program Files\MiKTeX 2.9\tex\generic\oberdiek\ifluatex.sty"
Package: ifluatex 2016/05/16 v1.4 Provides the ifluatex switch (HO)
Package ifluatex Info: LuaTeX not detected.
)
("C:\Program Files\MiKTeX 2.9\tex\generic\oberdiek\ltxcmds.sty"
Package: ltxcmds 2016/05/16 v1.23 LaTeX kernel commands for general use (HO)
)
("C:\Program Files\MiKTeX 2.9\tex\generic\oberdiek\ifpdf.sty"
Package: ifpdf 2017/03/15 v3.2 Provides the ifpdf switch
)
Package pdftexcmds Info: LuaTeX not detected.
Package pdftexcmds Info: \pdf@primitive is available.
Package pdftexcmds Info: \pdf@ifprimitive is available.
Package pdftexcmds Info: \pdfdraftmode found.
)
("C:\Users\Benni Tower\AppData\Roaming\MiKTeX\2.9\tex\generic\pgf\frontendlayer
\tikz\libraries\tikzexternalshared.code.tex"))
("C:\Users\Benni Tower\AppData\Roaming\MiKTeX\2.9\tex\generic\pgf\frontendlayer
\tikz\libraries\tikzlibrarymatrix.code.tex"
File: tikzlibrarymatrix.code.tex 2013/07/12 v3.0.1a (rcs-revision 1.4)
)
("C:\Users\Benni Tower\AppData\Roaming\MiKTeX\2.9\tex\generic\pgf\frontendlayer
\tikz\libraries\tikzlibraryarrows.code.tex"
File: tikzlibraryarrows.code.tex 2008/01/09 v3.0.1a (rcs-revision 1.1)

("C:\Users\Benni Tower\AppData\Roaming\MiKTeX\2.9\tex\generic\pgf\libraries\pgf
libraryarrows.code.tex"
File: pgflibraryarrows.code.tex 2013/09/23 v3.0.1a (rcs-revision 1.16)
\arrowsize=\dimen262
))
("C:\Users\Benni Tower\AppData\Roaming\MiKTeX\2.9\tex\generic\pgf\frontendlayer
\tikz\libraries\tikzlibrarypositioning.code.tex"
File: tikzlibrarypositioning.code.tex 2008/10/06 v3.0.1a (rcs-revision 1.7)
)
("C:\Users\Benni Tower\AppData\Roaming\MiKTeX\2.9\tex\generic\pgf\frontendlayer
\tikz\libraries\tikzlibraryfit.code.tex"
File: tikzlibraryfit.code.tex 2013/07/12 v3.0.1a (rcs-revision 1.5)
)
("C:\Users\Benni Tower\AppData\Roaming\MiKTeX\2.9\tex\generic\pgf\frontendlayer
\tikz\libraries\tikzlibraryintersections.code.tex"
("C:\Users\Benni Tower\AppData\Roaming\MiKTeX\2.9\tex\generic\pgf\libraries\pgf
libraryintersections.code.tex"
\pgf@intersect@solutions=\count293
))
\openout3 = `main.auxlock'.


("C:\Program Files\MiKTeX 2.9\tex\latex\amsmath\amsmath.sty"
Package: amsmath 2017/09/02 v2.17a AMS math features
\@mathmargin=\skip71

For additional information on amsmath, use the `?' option.
("C:\Program Files\MiKTeX 2.9\tex\latex\amsmath\amstext.sty"
Package: amstext 2000/06/29 v2.01 AMS text

("C:\Program Files\MiKTeX 2.9\tex\latex\amsmath\amsgen.sty"
File: amsgen.sty 1999/11/30 v2.0 generic functions
\@emptytoks=\toks38
\ex@=\dimen263
))
("C:\Program Files\MiKTeX 2.9\tex\latex\amsmath\amsbsy.sty"
Package: amsbsy 1999/11/29 v1.2d Bold Symbols
\pmbraise@=\dimen264
)
("C:\Program Files\MiKTeX 2.9\tex\latex\amsmath\amsopn.sty"
Package: amsopn 2016/03/08 v2.02 operator names
)
\inf@bad=\count294
LaTeX Info: Redefining \frac on input line 213.
\uproot@=\count295
\leftroot@=\count296
LaTeX Info: Redefining \overline on input line 375.
\classnum@=\count297
\DOTSCASE@=\count298
LaTeX Info: Redefining \ldots on input line 472.
LaTeX Info: Redefining \dots on input line 475.
LaTeX Info: Redefining \cdots on input line 596.
\Mathstrutbox@=\box83
\strutbox@=\box84
\big@size=\dimen265
LaTeX Font Info:    Redeclaring font encoding OML on input line 712.
LaTeX Font Info:    Redeclaring font encoding OMS on input line 713.
\macc@depth=\count299
\c@MaxMatrixCols=\count300
\dotsspace@=\muskip16
\c@parentequation=\count301
\dspbrk@lvl=\count302
\tag@help=\toks39
\row@=\count303
\column@=\count304
\maxfields@=\count305
\andhelp@=\toks40
\eqnshift@=\dimen266
\alignsep@=\dimen267
\tagshift@=\dimen268
\tagwidth@=\dimen269
\totwidth@=\dimen270
\lineht@=\dimen271
\@envbody=\toks41
\multlinegap=\skip72
\multlinetaggap=\skip73
\mathdisplay@stack=\toks42
LaTeX Info: Redefining \[ on input line 2817.
LaTeX Info: Redefining \] on input line 2818.
)
("C:\Program Files\MiKTeX 2.9\tex\latex\amsfonts\amsfonts.sty"
Package: amsfonts 2013/01/14 v3.01 Basic AMSFonts support
\symAMSa=\mathgroup4
\symAMSb=\mathgroup5
LaTeX Font Info:    Overwriting math alphabet `\mathfrak' in version `bold'
(Font)                  U/euf/m/n --> U/euf/b/n on input line 106.
)
("C:\Program Files\MiKTeX 2.9\tex\latex\amsfonts\amssymb.sty"
Package: amssymb 2013/01/14 v3.01 AMS font symbols
)
("C:\Users\Benni Tower\AppData\Roaming\MiKTeX\2.9\tex\latex\mathtools\mathtools
.sty"
Package: mathtools 2018/01/08 v1.21 mathematical typesetting tools
 ("C:\Program Files\MiKTeX 2.9\tex\latex\tools\calc.sty"
Package: calc 2017/05/25 v4.3 Infix arithmetic (KKT,FJ)
\calc@Acount=\count306
\calc@Bcount=\count307
\calc@Adimen=\dimen272
\calc@Bdimen=\dimen273
\calc@Askip=\skip74
\calc@Bskip=\skip75
LaTeX Info: Redefining \setlength on input line 80.
LaTeX Info: Redefining \addtolength on input line 81.
\calc@Ccount=\count308
\calc@Cskip=\skip76
)
("C:\Users\Benni Tower\AppData\Roaming\MiKTeX\2.9\tex\latex\mathtools\mhsetup.s
ty"
Package: mhsetup 2017/03/31 v1.3 programming setup (MH)
)
LaTeX Info: Thecontrolsequence`\('isalreadyrobust on input line 129.
LaTeX Info: Thecontrolsequence`\)'isalreadyrobust on input line 129.
LaTeX Info: Thecontrolsequence`\['isalreadyrobust on input line 129.
LaTeX Info: Thecontrolsequence`\]'isalreadyrobust on input line 129.
\g_MT_multlinerow_int=\count309
\l_MT_multwidth_dim=\dimen274
\origjot=\skip77
\l_MT_shortvdotswithinadjustabove_dim=\dimen275
\l_MT_shortvdotswithinadjustbelow_dim=\dimen276
\l_MT_above_intertext_sep=\dimen277
\l_MT_below_intertext_sep=\dimen278
\l_MT_above_shortintertext_sep=\dimen279
\l_MT_below_shortintertext_sep=\dimen280
) ("C:\Program Files\MiKTeX 2.9\tex\latex\tools\tabularx.sty"
Package: tabularx 2016/02/03 v2.11b `tabularx' package (DPC)
\TX@col@width=\dimen281
\TX@old@table=\dimen282
\TX@old@col=\dimen283
\TX@target=\dimen284
\TX@delta=\dimen285
\TX@cols=\count310
\TX@ftn=\toks43
)
("C:\Users\Benni Tower\AppData\Roaming\MiKTeX\2.9\tex\latex\booktabs\booktabs.s
ty"
Package: booktabs 2005/04/14 v1.61803 publication quality tables
\heavyrulewidth=\dimen286
\lightrulewidth=\dimen287
\cmidrulewidth=\dimen288
\belowrulesep=\dimen289
\belowbottomsep=\dimen290
\aboverulesep=\dimen291
\abovetopsep=\dimen292
\cmidrulesep=\dimen293
\cmidrulekern=\dimen294
\defaultaddspace=\dimen295
\@cmidla=\count311
\@cmidlb=\count312
\@aboverulesep=\dimen296
\@belowrulesep=\dimen297
\@thisruleclass=\count313
\@lastruleclass=\count314
\@thisrulewidth=\dimen298
)
\@indexfile=\write5
\openout5 = `main.idx'.


Writing index file main.idx

("C:\Users\Benni Tower\AppData\Roaming\MiKTeX\2.9\tex\latex\koma-script\scrlaye
r-scrpage.sty"
Package: scrlayer-scrpage 2018/03/30 v3.25 KOMA-Script package (end user interf
ace for scrlayer)

("C:\Users\Benni Tower\AppData\Roaming\MiKTeX\2.9\tex\latex\koma-script\scrlaye
r.sty"
Package: scrlayer 2018/03/30 v3.25 KOMA-Script package (defining layers and pag
e styles)
Package scrlayer Info: Using already defined \footheight
(scrlayer)             hoping, that this is a length and
(scrlayer)             not only a macro on input line 109.
Package scrlayer Info: patching LaTeX kernel macro \pagestyle on input line 199
7.
)
Package scrlayer-scrpage Info: Makeing stand-alone element `pagehead' from
(scrlayer-scrpage)             alias to `pageheadfoot' on input line 1241.
Package scrlayer-scrpage Info: deactivating warning for font element
(scrlayer-scrpage)             `pagefoot' on input line 1268.
)
Package scrlayer-scrpage Info: auto-selection of `pagestyleset=KOMA-Script'.
 ("C:\Program Files\MiKTeX 2.9\tex\latex\hyperref\hyperref.sty"
Package: hyperref 2018/02/06 v6.86b Hypertext links for LaTeX

("C:\Program Files\MiKTeX 2.9\tex\generic\oberdiek\hobsub-hyperref.sty"
Package: hobsub-hyperref 2016/05/16 v1.14 Bundle oberdiek, subset hyperref (HO)


("C:\Program Files\MiKTeX 2.9\tex\generic\oberdiek\hobsub-generic.sty"
Package: hobsub-generic 2016/05/16 v1.14 Bundle oberdiek, subset generic (HO)
Package: hobsub 2016/05/16 v1.14 Construct package bundles (HO)
Package hobsub Info: Skipping package `infwarerr' (already loaded).
Package hobsub Info: Skipping package `ltxcmds' (already loaded).
Package hobsub Info: Skipping package `ifluatex' (already loaded).
Package: ifvtex 2016/05/16 v1.6 Detect VTeX and its facilities (HO)
Package ifvtex Info: VTeX not detected.
Package: intcalc 2016/05/16 v1.2 Expandable calculations with integers (HO)
Package hobsub Info: Skipping package `ifpdf' (already loaded).
Package: etexcmds 2016/05/16 v1.6 Avoid name clashes with e-TeX commands (HO)
Package etexcmds Info: Could not find \expanded.
(etexcmds)             That can mean that you are not using pdfTeX 1.50 or
(etexcmds)             that some package has redefined \expanded.
(etexcmds)             In the latter case, load this package earlier.
Package: kvsetkeys 2016/05/16 v1.17 Key value parser (HO)
Package: kvdefinekeys 2016/05/16 v1.4 Define keys (HO)
Package hobsub Info: Skipping package `pdftexcmds' (already loaded).
Package: pdfescape 2016/05/16 v1.14 Implements pdfTeX's escape features (HO)
Package: bigintcalc 2016/05/16 v1.4 Expandable calculations on big integers (HO
)
Package: bitset 2016/05/16 v1.2 Handle bit-vector datatype (HO)
Package: uniquecounter 2016/05/16 v1.3 Provide unlimited unique counter (HO)
)
Package hobsub Info: Skipping package `hobsub' (already loaded).
Package hobsub Info: Skipping package `letltxmacro' (already loaded).
Package: hopatch 2016/05/16 v1.3 Wrapper for package hooks (HO)
Package: xcolor-patch 2016/05/16 xcolor patch
Package: atveryend 2016/05/16 v1.9 Hooks at the very end of document (HO)
Package: atbegshi 2016/06/09 v1.18 At begin shipout hook (HO)
Package: refcount 2016/05/16 v3.5 Data extraction from label references (HO)
Package: hycolor 2016/05/16 v1.8 Color options for hyperref/bookmark (HO)
)
("C:\Program Files\MiKTeX 2.9\tex\generic\ifxetex\ifxetex.sty"
Package: ifxetex 2010/09/12 v0.6 Provides ifxetex conditional
)
("C:\Program Files\MiKTeX 2.9\tex\latex\oberdiek\auxhook.sty"
Package: auxhook 2016/05/16 v1.4 Hooks for auxiliary files (HO)
)
("C:\Program Files\MiKTeX 2.9\tex\latex\oberdiek\kvoptions.sty"
Package: kvoptions 2016/05/16 v3.12 Key value format for package options (HO)
)
\@linkdim=\dimen299
\Hy@linkcounter=\count315
\Hy@pagecounter=\count316

("C:\Program Files\MiKTeX 2.9\tex\latex\hyperref\pd1enc.def"
File: pd1enc.def 2018/02/06 v6.86b Hyperref: PDFDocEncoding definition (HO)
Now handling font encoding PD1 ...
... no UTF-8 mapping file for font encoding PD1
)
\Hy@SavedSpaceFactor=\count317

("C:\Program Files\MiKTeX 2.9\tex\latex\00miktex\hyperref.cfg"
File: hyperref.cfg 2002/06/06 v1.2 hyperref configuration of TeXLive
)
Package hyperref Info: Hyper figures OFF on input line 4509.
Package hyperref Info: Link nesting OFF on input line 4514.
Package hyperref Info: Hyper index ON on input line 4517.
Package hyperref Info: Plain pages OFF on input line 4524.
Package hyperref Info: Backreferencing OFF on input line 4529.
Package hyperref Info: Implicit mode ON; LaTeX internals redefined.
Package hyperref Info: Bookmarks ON on input line 4762.
\c@Hy@tempcnt=\count318

("C:\Users\Benni Tower\AppData\Roaming\MiKTeX\2.9\tex\latex\url\url.sty"
\Urlmuskip=\muskip17
Package: url 2013/09/16  ver 3.4  Verb mode for urls, etc.
)
LaTeX Info: Redefining \url on input line 5115.
\XeTeXLinkMargin=\dimen300
\Fld@menulength=\count319
\Field@Width=\dimen301
\Fld@charsize=\dimen302
Package hyperref Info: Hyper figures OFF on input line 6369.
Package hyperref Info: Link nesting OFF on input line 6374.
Package hyperref Info: Hyper index ON on input line 6377.
Package hyperref Info: backreferencing OFF on input line 6384.
Package hyperref Info: Link coloring OFF on input line 6389.
Package hyperref Info: Link coloring with OCG OFF on input line 6394.
Package hyperref Info: PDF/A mode OFF on input line 6399.
LaTeX Info: Redefining \ref on input line 6439.
LaTeX Info: Redefining \pageref on input line 6443.
\Hy@abspage=\count320
\c@Item=\count321
\c@Hfootnote=\count322
)
Package hyperref Info: Driver (autodetected): hpdftex.

("C:\Program Files\MiKTeX 2.9\tex\latex\hyperref\hpdftex.def"
File: hpdftex.def 2018/02/06 v6.86b Hyperref driver for pdfTeX
\Fld@listcount=\count323
\c@bookmark@seq@number=\count324

("C:\Program Files\MiKTeX 2.9\tex\latex\oberdiek\rerunfilecheck.sty"
Package: rerunfilecheck 2016/05/16 v1.8 Rerun checks for auxiliary files (HO)
Package uniquecounter Info: New unique counter `rerunfilecheck' on input line 2
82.
)
\Hy@SectionHShift=\skip78
)
("C:\Users\Benni Tower\AppData\Roaming\MiKTeX\2.9\tex\latex\units\units.sty"
Package: units 1998/08/04 v0.9b Typesetting units

("C:\Users\Benni Tower\AppData\Roaming\MiKTeX\2.9\tex\latex\units\nicefrac.sty"
Package: nicefrac 1998/08/04 v0.9b Nice fractions
\L@UnitsRaiseDisplaystyle=\skip79
\L@UnitsRaiseTextstyle=\skip80
\L@UnitsRaiseScriptstyle=\skip81
)) (nomencliFR_A4.sty
Package: nomencliFR_A4 2005/09/22 v4.2 Nomenclature package (LN)
\MessBox=\box85
\nomlabelwidth=\dimen303
\nom@tempdim=\dimen304
\nomitemsep=\skip82
)
\@nomenclaturefile=\write6
\openout6 = `main.nlo'.


Writing nomenclature file main.nlo
\tikzscale@accuracy=\skip83
(main.aux)
\openout1 = `main.aux'.

LaTeX Font Info:    Checking defaults for OML/cmm/m/it on input line 109.
LaTeX Font Info:    ... okay on input line 109.
LaTeX Font Info:    Checking defaults for T1/cmr/m/n on input line 109.
LaTeX Font Info:    ... okay on input line 109.
LaTeX Font Info:    Checking defaults for OT1/cmr/m/n on input line 109.
LaTeX Font Info:    ... okay on input line 109.
LaTeX Font Info:    Checking defaults for OMS/cmsy/m/n on input line 109.
LaTeX Font Info:    ... okay on input line 109.
LaTeX Font Info:    Checking defaults for OMX/cmex/m/n on input line 109.
LaTeX Font Info:    ... okay on input line 109.
LaTeX Font Info:    Checking defaults for U/cmr/m/n on input line 109.
LaTeX Font Info:    ... okay on input line 109.
LaTeX Font Info:    Checking defaults for PD1/pdf/m/n on input line 109.
LaTeX Font Info:    ... okay on input line 109.

("C:\Users\Benni Tower\AppData\Roaming\MiKTeX\2.9\tex\context\base\supp-pdf.mki
i"
[Loading MPS to PDF converter (version 2006.09.02).]
\scratchcounter=\count325
\scratchdimen=\dimen305
\scratchbox=\box86
\nofMPsegments=\count326
\nofMParguments=\count327
\everyMPshowfont=\toks44
\MPscratchCnt=\count328
\MPscratchDim=\dimen306
\MPnumerator=\count329
\makeMPintoPDFobject=\count330
\everyMPtoPDFconversion=\toks45
) ("C:\Program Files\MiKTeX 2.9\tex\latex\oberdiek\epstopdf-base.sty"
Package: epstopdf-base 2016/05/15 v2.6 Base part for package epstopdf

("C:\Program Files\MiKTeX 2.9\tex\latex\oberdiek\grfext.sty"
Package: grfext 2016/05/16 v1.2 Manage graphics extensions (HO)
)
Package epstopdf-base Info: Redefining graphics rule for `.eps' on input line 4
38.
Package grfext Info: Graphics extension search list:
(grfext)             [.tikz,.TIKZ,.TikZ,.pgf,.PGF,.pdf,.png,.jpg,.mps,.jpeg,.jb
ig2,.jb2,.PDF,.PNG,.JPG,.JPEG,.JBIG2,.JB2,.eps]
(grfext)             \AppendGraphicsExtensions on input line 456.
)
ABD: EveryShipout initializing macros
Package pgfplots notification 'compat/show suggested version=true': document ha
s been generated with the most recent feature set (\pgfplotsset{compat=1.16}).

\AtBeginShipoutBox=\box87
Package hyperref Info: Link coloring OFF on input line 109.
("C:\Program Files\MiKTeX 2.9\tex\latex\hyperref\nameref.sty"
Package: nameref 2016/05/21 v2.44 Cross-referencing by name of section

("C:\Program Files\MiKTeX 2.9\tex\generic\oberdiek\gettitlestring.sty"
Package: gettitlestring 2016/05/16 v1.5 Cleanup title references (HO)
)
\c@section@level=\count331
)
LaTeX Info: Redefining \ref on input line 109.
LaTeX Info: Redefining \pageref on input line 109.
LaTeX Info: Redefining \nameref on input line 109.

(main.out) (main.out)
\@outlinefile=\write7
\openout7 = `main.out'.

 (src/parts/frontmatter/title.tex
LaTeX Font Info:    Try loading font information for OT1+ptm on input line 8.

("C:\Program Files\MiKTeX 2.9\tex\latex\psnfss\ot1ptm.fd"
File: ot1ptm.fd 2001/06/04 font definitions for OT1/ptm.
)
LaTeX Font Info:    Font shape `OT1/ptm/bx/n' in size <20> not available
(Font)              Font shape `OT1/ptm/b/n' tried instead on input line 18.
LaTeX Font Info:    Calculating math sizes for size <20> on input line 18.


LaTeX Font Warning: Font shape `OT1/cmr/m/n' in size <20> not available
(Font)              size <20.74> substituted on input line 18.


LaTeX Font Warning: Font shape `OT1/cmr/m/n' in size <13.99994> not available
(Font)              size <14.4> substituted on input line 18.


LaTeX Font Warning: Font shape `OML/cmm/m/it' in size <20> not available
(Font)              size <20.74> substituted on input line 18.


LaTeX Font Warning: Font shape `OML/cmm/m/it' in size <13.99994> not available
(Font)              size <14.4> substituted on input line 18.


LaTeX Font Warning: Font shape `OMS/cmsy/m/n' in size <20> not available
(Font)              size <20.74> substituted on input line 18.


LaTeX Font Warning: Font shape `OMS/cmsy/m/n' in size <13.99994> not available
(Font)              size <14.4> substituted on input line 18.

LaTeX Font Info:    Try loading font information for U+msa on input line 18.
("C:\Program Files\MiKTeX 2.9\tex\latex\amsfonts\umsa.fd"
File: umsa.fd 2013/01/14 v3.01 AMS symbols A
)
LaTeX Font Info:    Try loading font information for U+msb on input line 18.

("C:\Program Files\MiKTeX 2.9\tex\latex\amsfonts\umsb.fd"
File: umsb.fd 2013/01/14 v3.01 AMS symbols B
)
Overfull \hbox (21.69052pt too wide) in paragraph at lines 18--19
 [] 
 []

<./src/pics/logo/ifrlogo.pdf, id=218, 156.20056pt x 83.27834pt>
File: ./src/pics/logo/ifrlogo.pdf Graphic file (type pdf)
<use ./src/pics/logo/ifrlogo.pdf>
Package pdftex.def Info: ./src/pics/logo/ifrlogo.pdf  used on input line 33.
(pdftex.def)             Requested size: 62.47911pt x 32.74165pt.

Overfull \hbox (376.14561pt too wide) in paragraph at lines 32--36
 []|$[]$| 
 []

LaTeX Font Info:    Try loading font information for OT1+phv on input line 39.
("C:\Program Files\MiKTeX 2.9\tex\latex\psnfss\ot1phv.fd"
File: ot1phv.fd 2001/06/04 scalable font definitions for OT1/phv.
)
LaTeX Font Info:    Font shape `OT1/phv/bx/n' in size <14.4> not available
(Font)              Font shape `OT1/phv/b/n' tried instead on input line 39.

Overfull \hbox (83.08214pt too wide) in paragraph at lines 37--41
 []|$[]$| 
 []


Overfull \hbox (17.7402pt too wide) in paragraph at lines 31--44
[] 
 []

[1





{C:/Users/Benni Tower/AppData/Local/MiKTeX/2.9/pdftex/config/pdftex.map} <./src
/pics/logo/ifrlogo.pdf>]) [2


] (src/parts/frontmatter/erklaerung.tex
LaTeX Font Info:    Font shape `OT1/phv/bx/n' in size <12> not available
(Font)              Font shape `OT1/phv/b/n' tried instead on input line 1.
LaTeX Font Info:    Font shape `OT1/phv/bx/n' in size <24.88> not available
(Font)              Font shape `OT1/phv/b/n' tried instead on input line 1.

Underfull \hbox (badness 10000) in paragraph at lines 4--16

 []


Underfull \hbox (badness 10000) in paragraph at lines 4--16

 []

) [3


] [4


] (src/parts/frontmatter/abstract.tex
LaTeX Font Info:    Font shape `OT1/phv/bx/n' in size <17.28> not available
(Font)              Font shape `OT1/phv/b/n' tried instead on input line 2.
) [5] [6


] (main.toc [7


])
\tf@toc=\write8
\openout8 = `main.toc'.

 [8]
(main.lof)
\tf@lof=\write9
\openout9 = `main.lof'.

 [9




] [10


] (main.lot)
\tf@lot=\write10
\openout10 = `main.lot'.

 (src/parts/frontmatter/nomenclature.tex [11


]
[12


] (main.nls) (main.nls [13]) (main.nls) (main.nls) [14])
(src/parts/mainmatter/01_chapter.tex
chapter 1.

Class scrbook Warning: \float@addtolists detected!
(scrbook)              Implementation of \float@addtolist became
(scrbook)              deprecated in KOMA-Script v3.01 2008/11/14 and
(scrbook)              has been replaced by several more flexible
(scrbook)              features of package `tocbasic`.
(scrbook)              Since Version 3.12 support for deprecated
(scrbook)              \float@addtolist interface has been
(scrbook)              restricted to only some of the KOMA-Script
(scrbook)              features and been removed from others.
(scrbook)              Loading of package `scrhack' may help to
(scrbook)              avoid this warning, if you are using a
(scrbook)              a package that still implements the
(scrbook)              deprecated \float@addtolist interface .

[1






]

LaTeX Warning: Reference `sec:results2d' on page 2 undefined on input line 24.

[2]) (src/parts/mainmatter/02_chapter_new.tex [3] [4


]
chapter 2.
[5]
<src/pics/RLProblem.pdf, id=495, 187.90802pt x 213.33702pt>
File: src/pics/RLProblem.pdf Graphic file (type pdf)
<use src/pics/RLProblem.pdf>
Package pdftex.def Info: src/pics/RLProblem.pdf  used on input line 34.
(pdftex.def)             Requested size: 226.48398pt x 257.1327pt.


LaTeX Warning: `h' float specifier changed to `ht'.

[6] [7 <./src/pics/RLProblem.pdf>]

LaTeX Warning: Reference `fig:classification_ml' on page 8 undefined on input l
ine 50.

LaTeX Font Info:    Try loading font information for OMS+cmr on input line 57.
("C:\Program Files\MiKTeX 2.9\tex\latex\base\omscmr.fd"
File: omscmr.fd 2014/09/29 v2.5h Standard LaTeX font definitions
)
LaTeX Font Info:    Font shape `OMS/cmr/m/n' in size <12> not available
(Font)              Font shape `OMS/cmsy/m/n' tried instead on input line 57.
 [8] [9] [10] [11]
===== Image './src/pics/tikz/mdp_algos' is up-to-date. ======

Overfull \hbox (23.29233pt too wide) in paragraph at lines 203--223
 [][] 
 []

[12 <./src/pics/tikz/mdp_algos.pdf>]
Underfull \vbox (badness 1502) has occurred while \output is active []

 [13]
[14]
<src/pics/RL_spectrum.png, id=718, 700.86844pt x 622.57594pt>
File: src/pics/RL_spectrum.png Graphic file (type png)
<use src/pics/RL_spectrum.png>
Package pdftex.def Info: src/pics/RL_spectrum.png  used on input line 269.
(pdftex.def)             Requested size: 317.07619pt x 281.65753pt.
 [15 <./src/pics/RL_spectrum.png>] [16]
Package hyperref Info: bookmark level for unknown algorithm defaults to 0 on in
put line 345.
 [17]
===== Image './src/pics/tikz/pi_sketch' is up-to-date. ======
[18] [19 <./src/pics/tikz/pi_sketch.pdf>] [20] [21])
(src/parts/mainmatter/04_chapter.tex [22] [23] [24]
chapter 3.
[25


]
===== Image './src/pics/tikz/neuron' is up-to-date. ======
[26 <./src/pics/tikz/neuron.pdf>]
PGFPlots: reading {./src/pics/tikz/activation_function_satpos.dat}
PGFPlots: reading {./src/pics/tikz/activation_function_satneg.dat}
PGFPlots: reading {./src/pics/tikz/activation_function_lin.dat}
PGFPlots: reading {./src/pics/tikz/activation_function_tanh.dat}

===== Image './src/pics/tikz/main-figure0' is up-to-date. ======

Underfull \vbox (badness 2698) has occurred while \output is active []

 [27 <./src/pics/tikz/main-figure0.pdf>]
===== Image './src/pics/tikz/MLP' is up-to-date. ======
[28 <./src/pics/tikz/MLP.pdf>] [29] [30] [31] [32]
PGFPlots: reading {./src/pics/tikz/overfittingplot.dat}

===== Image './src/pics/tikz/overfitting' is up-to-date. ======

LaTeX Warning: `h' float specifier changed to `ht'.

[33] [34 <./src/pics/tikz/overfitting.pdf>]
PGFPlots: reading {./src/pics/tikz/overfitting_stop_plot.dat}

===== Image './src/pics/tikz/stopoverfitting' is up-to-date. ======
[35 <./src/pics/tikz/stopoverfitting.pdf>])
(src/parts/mainmatter/05_chapter.tex [36]
chapter 4.
[37


]
===== Image './src/pics/tikz/verticalPlane' is up-to-date. ======
[38 <./src/pics/tikz/verticalPlane.pdf>]
===== Image './src/pics/tikz/stategrid' is up-to-date. ======
[39] [40 <./src/pics/tikz/stategrid.pdf>]) (src/parts/mainmatter/06_chapter.tex
[41] [42]
chapter 5.
PGFPlots: reading {./src/pics/tikz/opti500m-coarse.dat}
PGFPlots: reading {./src/pics/tikz/opti1000m-coarse.dat}
PGFPlots: reading {./src/pics/tikz/dat-no118-i3-500m-dt250ms_linear_table.dat}
PGFPlots: reading {./src/pics/tikz/dat-no115-i17-500m-dt250ms_linear_table.dat}

PGFPlots: reading {./src/pics/tikz/dat-no119-i14-500m-dt250ms_linear_table.dat}

PGFPlots: reading {./src/pics/tikz/dat-no108-i7-500m-dt250ms.dat}
PGFPlots: reading {./src/pics/tikz/dat-no120-i0-1000m-dt250ms.dat}
PGFPlots: reading {./src/pics/tikz/trpo-glorot-vi-1km-AvgRet.dat}
PGFPlots: reading {./src/pics/tikz/trpo-glorot-vi-1km-MaxRet.dat}
[43


] [44]
===== Image './src/pics/tikz/optiandvi500mcoarse' is up-to-date. ======
===== Image './src/pics/tikz/optiandvi500m' is up-to-date. ======
[45] [46 <./src/pics/tikz/optiandvi500mcoarse.pdf>]
===== Image './src/pics/tikz/optiandvi1000m' is up-to-date. ======
[47 <./src/pics/tikz/optiandvi500m.pdf>] [48 <./src/pics/tikz/optiandvi1000m.pd
f>]
===== Image './src/pics/tikz/trpoglorotvsvi1000mAvg' is up-to-date. ======
===== Image './src/pics/tikz/trpoglorotvsvi1000mMax' is up-to-date. ======
[49 <./src/pics/tikz/trpoglorotvsvi1000mAvg.pdf> <./src/pics/tikz/trpoglorotvsv
i1000mMax.pdf>]
Overfull \hbox (0.553pt too wide) in paragraph at lines 673--673
 []|\OT1/cmr/m/n/12 100| 
 []


Overfull \hbox (0.553pt too wide) in paragraph at lines 673--673
 []|\OT1/cmr/m/n/12 200| 
 []


Overfull \hbox (0.553pt too wide) in paragraph at lines 673--673
 []|\OT1/cmr/m/n/12 300| 
 []


Overfull \hbox (0.553pt too wide) in paragraph at lines 673--673
 []|\OT1/cmr/m/n/12 400| 
 []


Overfull \hbox (0.553pt too wide) in paragraph at lines 673--673
 []|\OT1/cmr/m/n/12 500| 
 []


Overfull \hbox (0.553pt too wide) in paragraph at lines 673--673
 []|\OT1/cmr/m/n/12 600| 
 []


Overfull \hbox (0.553pt too wide) in paragraph at lines 673--673
 []|\OT1/cmr/m/n/12 700| 
 []


Overfull \hbox (0.553pt too wide) in paragraph at lines 673--673
 []|\OT1/cmr/m/n/12 800| 
 []


Overfull \hbox (0.553pt too wide) in paragraph at lines 673--673
 []|\OT1/cmr/m/n/12 900| 
 []


Overfull \hbox (0.553pt too wide) in paragraph at lines 673--673
 []|\OT1/cmr/m/n/12 999| 
 []


Overfull \hbox (3.81685pt too wide) in paragraph at lines 674--674
 []|\OT1/cmr/m/n/12 49.8| 
 []


Overfull \hbox (3.81685pt too wide) in paragraph at lines 674--674
 []|\OT1/cmr/m/n/12 44.0| 
 []


Overfull \hbox (3.81685pt too wide) in paragraph at lines 674--674
 []|\OT1/cmr/m/n/12 38.2| 
 []


Overfull \hbox (3.81685pt too wide) in paragraph at lines 674--674
 []|\OT1/cmr/m/n/12 33.0| 
 []


Overfull \hbox (3.81685pt too wide) in paragraph at lines 674--674
 []|\OT1/cmr/m/n/12 27.7| 
 []


Overfull \hbox (3.81685pt too wide) in paragraph at lines 674--674
 []|\OT1/cmr/m/n/12 23.0| 
 []


Overfull \hbox (3.81685pt too wide) in paragraph at lines 674--674
 []|\OT1/cmr/m/n/12 18.5| 
 []


Overfull \hbox (3.81685pt too wide) in paragraph at lines 674--674
 []|\OT1/cmr/m/n/12 14.0| 
 []


Overfull \hbox (3.81685pt too wide) in paragraph at lines 674--674
 []|\OT1/cmr/m/n/12 10.0| 
 []


Overfull \hbox (3.81685pt too wide) in paragraph at lines 675--675
 []|\OT1/cmr/m/n/12 47.5| 
 []


Overfull \hbox (3.81685pt too wide) in paragraph at lines 675--675
 []|\OT1/cmr/m/n/12 43.7| 
 []


Overfull \hbox (3.81685pt too wide) in paragraph at lines 675--675
 []|\OT1/cmr/m/n/12 35.9| 
 []


Overfull \hbox (3.81685pt too wide) in paragraph at lines 675--675
 []|\OT1/cmr/m/n/12 31.3| 
 []


Overfull \hbox (3.81685pt too wide) in paragraph at lines 675--675
 []|\OT1/cmr/m/n/12 14.5| 
 []


Overfull \hbox (3.81685pt too wide) in paragraph at lines 676--676
 []|\OT1/cmr/m/n/12 47.3| 
 []


Overfull \hbox (3.81685pt too wide) in paragraph at lines 676--676
 []|\OT1/cmr/m/n/12 40.9| 
 []


Overfull \hbox (3.81685pt too wide) in paragraph at lines 676--676
 []|\OT1/cmr/m/n/12 34.9| 
 []


Overfull \hbox (3.81685pt too wide) in paragraph at lines 676--676
 []|\OT1/cmr/m/n/12 29.3| 
 []


Overfull \hbox (3.81685pt too wide) in paragraph at lines 676--676
 []|\OT1/cmr/m/n/12 18.2| 
 []


Overfull \hbox (3.81685pt too wide) in paragraph at lines 676--676
 []|\OT1/cmr/m/n/12 14.2| 
 []


Overfull \hbox (3.81685pt too wide) in paragraph at lines 676--676
 []|\OT1/cmr/m/n/12 12.3| 
 []


Overfull \hbox (3.81685pt too wide) in paragraph at lines 676--676
 []|\OT1/cmr/m/n/12 11.2| 
 []


Overfull \hbox (3.81685pt too wide) in paragraph at lines 677--677
 []|\OT1/cmr/m/n/12 44.7| 
 []


Overfull \hbox (3.81685pt too wide) in paragraph at lines 677--677
 []|\OT1/cmr/m/n/12 38.7| 
 []


Overfull \hbox (3.81685pt too wide) in paragraph at lines 677--677
 []|\OT1/cmr/m/n/12 33.2| 
 []


Overfull \hbox (3.81685pt too wide) in paragraph at lines 677--677
 []|\OT1/cmr/m/n/12 27.7| 
 []


Overfull \hbox (3.81685pt too wide) in paragraph at lines 677--677
 []|\OT1/cmr/m/n/12 22.7| 
 []


Overfull \hbox (3.81685pt too wide) in paragraph at lines 677--677
 []|\OT1/cmr/m/n/12 18.0| 
 []


Overfull \hbox (3.81685pt too wide) in paragraph at lines 677--677
 []|\OT1/cmr/m/n/12 13.5| 
 []


Overfull \hbox (3.81685pt too wide) in paragraph at lines 679--679
 []|\OT1/cmr/m/n/12 41.8| 
 []


Overfull \hbox (3.81685pt too wide) in paragraph at lines 679--679
 []|\OT1/cmr/m/n/12 35.3| 
 []


Overfull \hbox (3.81685pt too wide) in paragraph at lines 679--679
 []|\OT1/cmr/m/n/12 31.3| 
 []


Overfull \hbox (3.81685pt too wide) in paragraph at lines 679--679
 []|\OT1/cmr/m/n/12 16.4| 
 []


Overfull \hbox (3.81685pt too wide) in paragraph at lines 681--681
 []|\OT1/cmr/m/n/12 41.6| 
 []


Overfull \hbox (3.81685pt too wide) in paragraph at lines 681--681
 []|\OT1/cmr/m/n/12 35.3| 
 []


Overfull \hbox (3.81685pt too wide) in paragraph at lines 681--681
 []|\OT1/cmr/m/n/12 29.4| 
 []


Overfull \hbox (3.81685pt too wide) in paragraph at lines 681--681
 []|\OT1/cmr/m/n/12 23.9| 
 []


Overfull \hbox (3.81685pt too wide) in paragraph at lines 681--681
 []|\OT1/cmr/m/n/12 18.9| 
 []


Overfull \hbox (3.81685pt too wide) in paragraph at lines 681--681
 []|\OT1/cmr/m/n/12 10.2| 
 []


Overfull \hbox (11.83717pt too wide) in paragraph at lines 671--683
 [] 
 []

[50]
PGFPlots: reading {./src/pics/tikz/no120_s0=x0z100u0w0.dat}
PGFPlots: reading {./src/pics/tikz/no120_s0=x100z100u0w0.dat}
PGFPlots: reading {./src/pics/tikz/no120_s0=x200z100u0w0.dat}
PGFPlots: reading {./src/pics/tikz/no120_s0=x300z100u0w0.dat}
PGFPlots: reading {./src/pics/tikz/no120_s0=x400z100u0w0.dat}
PGFPlots: reading {./src/pics/tikz/no120_s0=x500z100u0w0.dat}
PGFPlots: reading {./src/pics/tikz/no120_s0=x600z100u0w0.dat}
PGFPlots: reading {./src/pics/tikz/no120_s0=x700z100u0w0.dat}
PGFPlots: reading {./src/pics/tikz/no120_s0=x800z100u0w0.dat}
PGFPlots: reading {./src/pics/tikz/no120_s0=x900z100u0w0.dat}

===== Image './src/pics/tikz/vi_result_before_trpo' is up-to-date. ======
PGFPlots: reading {./src/pics/tikz/no120_s0=x100z80u-20w0.dat}
PGFPlots: reading {./src/pics/tikz/no120_s0=x200z80u-20w0.dat}
PGFPlots: reading {./src/pics/tikz/no120_s0=x300z80u-20w0.dat}
PGFPlots: reading {./src/pics/tikz/no120_s0=x400z80u-20w0.dat}
PGFPlots: reading {./src/pics/tikz/no120_s0=x500z80u-20w0.dat}
PGFPlots: reading {./src/pics/tikz/no120_s0=x600z80u-20w0.dat}
PGFPlots: reading {./src/pics/tikz/no120_s0=x700z80u-20w0.dat}
PGFPlots: reading {./src/pics/tikz/no120_s0=x800z80u-20w0.dat}
PGFPlots: reading {./src/pics/tikz/no120_s0=x900z80u-20w0.dat}
PGFPlots: reading {./src/pics/tikz/no120_s0=x999z80u-20w0.dat}
===== Image './src/pics/tikz/vi_result_before_trpo2' is up-to-date. ======
PGFPlots: reading {./src/pics/tikz/no130_s0=x0z100u0w0_after_trpo.dat}
PGFPlots: reading {./src/pics/tikz/no130_s0=x100z100u0w0_after_trpo.dat}
PGFPlots: reading {./src/pics/tikz/no130_s0=x200z100u0w0_after_trpo.dat}
PGFPlots: reading {./src/pics/tikz/no130_s0=x300z100u0w0_after_trpo.dat}
PGFPlots: reading {./src/pics/tikz/no130_s0=x400z100u0w0_after_trpo.dat}
PGFPlots: reading {./src/pics/tikz/no130_s0=x500z100u0w0_after_trpo.dat}
PGFPlots: reading {./src/pics/tikz/no130_s0=x600z100u0w0_after_trpo.dat}
PGFPlots: reading {./src/pics/tikz/no130_s0=x700z100u0w0_after_trpo.dat}
PGFPlots: reading {./src/pics/tikz/no130_s0=x800z100u0w0_after_trpo.dat}
PGFPlots: reading {./src/pics/tikz/no130_s0=x900z100u0w0_after_trpo.dat}
===== Image './src/pics/tikz/trpo_result' is up-to-date. ======
PGFPlots: reading {./src/pics/tikz/no131_s0=x100z80u-20w0_after_trpo.dat}
PGFPlots: reading {./src/pics/tikz/no131_s0=x200z80u-20w0_after_trpo.dat}
PGFPlots: reading {./src/pics/tikz/no131_s0=x300z80u-20w0_after_trpo.dat}
PGFPlots: reading {./src/pics/tikz/no131_s0=x400z80u-20w0_after_trpo.dat}
PGFPlots: reading {./src/pics/tikz/no131_s0=x500z80u-20w0_after_trpo.dat}
PGFPlots: reading {./src/pics/tikz/no131_s0=x600z80u-20w0_after_trpo.dat}
PGFPlots: reading {./src/pics/tikz/no131_s0=x700z80u-20w0_after_trpo.dat}
PGFPlots: reading {./src/pics/tikz/no131_s0=x800z80u-20w0_after_trpo.dat}
PGFPlots: reading {./src/pics/tikz/no131_s0=x900z80u-20w0_after_trpo.dat}
PGFPlots: reading {./src/pics/tikz/no131_s0=x999z80u-20w0_after_trpo.dat}
===== Image './src/pics/tikz/trpo_result2' is up-to-date. ======
PGFPlots: reading {./src/pics/tikz/no120_s0=x0z100u0w0_after_trpo.dat}
PGFPlots: reading {./src/pics/tikz/no120_s0=x100z100u0w0_after_trpo.dat}
PGFPlots: reading {./src/pics/tikz/no120_s0=x200z100u0w0_after_trpo.dat}
PGFPlots: reading {./src/pics/tikz/no120_s0=x300z100u0w0_after_trpo.dat}
PGFPlots: reading {./src/pics/tikz/no120_s0=x400z100u0w0_after_trpo.dat}
PGFPlots: reading {./src/pics/tikz/no120_s0=x500z100u0w0_after_trpo.dat}
PGFPlots: reading {./src/pics/tikz/no120_s0=x600z100u0w0_after_trpo.dat}
PGFPlots: reading {./src/pics/tikz/no120_s0=x700z100u0w0_after_trpo.dat}
PGFPlots: reading {./src/pics/tikz/no120_s0=x800z100u0w0_after_trpo.dat}
PGFPlots: reading {./src/pics/tikz/no120_s0=x900z100u0w0_after_trpo.dat}
===== Image './src/pics/tikz/vi_result_after_trpo' is up-to-date. ======
PGFPlots: reading {./src/pics/tikz/no120_s0=x100z80u-20w0_after_trpo.dat}
PGFPlots: reading {./src/pics/tikz/no120_s0=x200z80u-20w0_after_trpo.dat}
PGFPlots: reading {./src/pics/tikz/no120_s0=x300z80u-20w0_after_trpo.dat}
PGFPlots: reading {./src/pics/tikz/no120_s0=x400z80u-20w0_after_trpo.dat}
PGFPlots: reading {./src/pics/tikz/no120_s0=x500z80u-20w0_after_trpo.dat}
PGFPlots: reading {./src/pics/tikz/no120_s0=x600z80u-20w0_after_trpo.dat}
PGFPlots: reading {./src/pics/tikz/no120_s0=x700z80u-20w0_after_trpo.dat}
PGFPlots: reading {./src/pics/tikz/no120_s0=x800z80u-20w0_after_trpo.dat}
PGFPlots: reading {./src/pics/tikz/no120_s0=x900z80u-20w0_after_trpo.dat}
PGFPlots: reading {./src/pics/tikz/no120_s0=x999z80u-20w0_after_trpo.dat}
===== Image './src/pics/tikz/vi_result_after_trpo2' is up-to-date. ======
) (src/parts/mainmatter/07_chapter.tex [51 <./src/pics/tikz/vi_result_before_tr
po.pdf> <./src/pics/tikz/vi_result_before_trpo2.pdf>] [52 <./src/pics/tikz/trpo
_result.pdf> <./src/pics/tikz/trpo_result2.pdf>] [53 <./src/pics/tikz/vi_result
_after_trpo.pdf> <./src/pics/tikz/vi_result_after_trpo2.pdf>] [54


]
chapter 6.
[55]) (src/parts/appendix/appendix.tex [56]
chapter A.
[57


] [58] [59]
===== Image './src/pics/tikz/main-figure1' is up-to-date. ======
[60 <./src/pics/tikz/main-figure1.pdf>] [61]
===== Image './src/pics/tikz/4d_table' is up-to-date. ======

Overfull \hbox (10.31085pt too wide) in paragraph at lines 161--317
 [][] 
 []

[62 <./src/pics/tikz/4d_table.pdf>]
===== Image './src/pics/tikz/optiandgpi500mcoarse' is up-to-date. ======
===== Image './src/pics/tikz/optiandopi500mcoarse' is up-to-date. ======
) [63 <./src/pics/tikz/optiandgpi500mcoarse.pdf>] [64 <./src/pics/tikz/optiando
pi500mcoarse.pdf>] (main.bbl
Underfull \hbox (badness 1931) in paragraph at lines 17--22
[]\OT1/cmr/m/sc/12 Abbeel\OT1/cmr/m/n/12 , P. ; \OT1/cmr/m/sc/12 Schul-mann\OT1
/cmr/m/n/12 , J. :  \OT1/cmr/m/it/12 Deep Re-in-force-ment Learn-ing through
 []


Underfull \hbox (badness 10000) in paragraph at lines 17--22
\OT1/cmr/m/it/12 Pol-icy Op-ti-miza-tion\OT1/cmr/m/n/12 .  []$\OT1/cmtt/m/n/12 
https : / / people . eecs . berkeley . edu / []pabbeel /
 []

[65




]) [66]
Package atveryend Info: Empty hook `BeforeClearDocument' on input line 171.
Package atveryend Info: Empty hook `AfterLastShipout' on input line 171.
 (main.aux)
Package atveryend Info: Executing hook `AtVeryEndDocument' on input line 171.
Package atveryend Info: Executing hook `AtEndAfterFileList' on input line 171.
Package rerunfilecheck Info: File `main.out' has not changed.
(rerunfilecheck)             Checksum: DE6C9227C6A34A196ED8D3E662F2404D;3729.


LaTeX Font Warning: Size substitutions with differences
(Font)              up to 0.74pt have occurred.


LaTeX Warning: There were undefined references.

 ) 
Here is how much of TeX's memory you used:
 46825 strings out of 492973
 1113260 string characters out of 3135912
 1919589 words of memory out of 3000000
 49435 multiletter control sequences out of 15000+200000
 557088 words of font info for 90 fonts, out of 3000000 for 9000
 1141 hyphenation exceptions out of 8191
 78i,20n,136p,9115b,609s stack positions out of 5000i,500n,10000p,200000b,50000s
{C:/Program Files/MiKTeX 2.9/fonts/enc/dvips/base/8r.enc}<C:/Program Files/Mi
KTeX 2.9/fonts/type1/public/amsfonts/cm/cmbx12.pfb><C:/Program Files/MiKTeX 2.9
/fonts/type1/public/amsfonts/cm/cmcsc10.pfb><C:/Program Files/MiKTeX 2.9/fonts/
type1/public/amsfonts/cm/cmex10.pfb><C:/Program Files/MiKTeX 2.9/fonts/type1/pu
blic/amsfonts/cm/cmmi10.pfb><C:/Program Files/MiKTeX 2.9/fonts/type1/public/ams
fonts/cm/cmmi12.pfb><C:/Program Files/MiKTeX 2.9/fonts/type1/public/amsfonts/cm
/cmmi6.pfb><C:/Program Files/MiKTeX 2.9/fonts/type1/public/amsfonts/cm/cmmi7.pf
b><C:/Program Files/MiKTeX 2.9/fonts/type1/public/amsfonts/cm/cmmi8.pfb><C:/Pro
gram Files/MiKTeX 2.9/fonts/type1/public/amsfonts/cm/cmmib10.pfb><C:/Program Fi
les/MiKTeX 2.9/fonts/type1/public/amsfonts/cmextra/cmmib8.pfb><C:/Program Files
/MiKTeX 2.9/fonts/type1/public/amsfonts/cm/cmr10.pfb><C:/Program Files/MiKTeX 2
.9/fonts/type1/public/amsfonts/cm/cmr12.pfb><C:/Program Files/MiKTeX 2.9/fonts/
type1/public/amsfonts/cm/cmr17.pfb><C:/Program Files/MiKTeX 2.9/fonts/type1/pub
lic/amsfonts/cm/cmr6.pfb><C:/Program Files/MiKTeX 2.9/fonts/type1/public/amsfon
ts/cm/cmr7.pfb><C:/Program Files/MiKTeX 2.9/fonts/type1/public/amsfonts/cm/cmr8
.pfb><C:/Program Files/MiKTeX 2.9/fonts/type1/public/amsfonts/cm/cmsl12.pfb><C:
/Program Files/MiKTeX 2.9/fonts/type1/public/amsfonts/cm/cmsy10.pfb><C:/Program
 Files/MiKTeX 2.9/fonts/type1/public/amsfonts/cm/cmsy6.pfb><C:/Program Files/Mi
KTeX 2.9/fonts/type1/public/amsfonts/cm/cmsy7.pfb><C:/Program Files/MiKTeX 2.9/
fonts/type1/public/amsfonts/cm/cmsy8.pfb><C:/Program Files/MiKTeX 2.9/fonts/typ
e1/public/amsfonts/cm/cmti10.pfb><C:/Program Files/MiKTeX 2.9/fonts/type1/publi
c/amsfonts/cm/cmti12.pfb><C:/Program Files/MiKTeX 2.9/fonts/type1/public/amsfon
ts/cm/cmtt12.pfb><C:/Program Files/MiKTeX 2.9/fonts/type1/public/amsfonts/latxf
ont/line10.pfb><C:/Program Files/MiKTeX 2.9/fonts/type1/public/amsfonts/symbols
/msbm10.pfb><C:/Program Files/MiKTeX 2.9/fonts/type1/urw/helvetic/uhvb8a.pfb><C
:/Program Files/MiKTeX 2.9/fonts/type1/urw/helvetic/uhvr8a.pfb><C:/Program File
s/MiKTeX 2.9/fonts/type1/urw/times/utmb8a.pfb><C:/Program Files/MiKTeX 2.9/font
s/type1/urw/times/utmri8a.pfb>
Output written on main.pdf (80 pages, 12574359 bytes).
PDF statistics:
 2112 PDF objects out of 2487 (max. 8388607)
 298 named destinations out of 1000 (max. 500000)
 572 words of extra memory for PDF output out of 10000 (max. 10000000)

